CRITICAL - 2023-04-08 01:29:28 --> Undefined offset: 0
#0 /home/thinkbizzmarcom/montajpublishing.com/app/Controllers/Home.php(127): CodeIgniter\Debug\Exceptions->errorHandler(8, 'Undefined offse...', '/home/thinkbizz...', 127, Array)
#1 /home/thinkbizzmarcom/montajpublishing.com/system/CodeIgniter.php(832): App\Controllers\Home->blog('\xC3\xA0\xC2\xA6\xC2\xA0\xC3\xA0\xC2\xA6\xC2\xBE\xC3\xA0\xC2...')
#2 /home/thinkbizzmarcom/montajpublishing.com/system/CodeIgniter.php(419): CodeIgniter\CodeIgniter->runController(Object(App\Controllers\Home))
#3 /home/thinkbizzmarcom/montajpublishing.com/system/CodeIgniter.php(326): CodeIgniter\CodeIgniter->handleRequest(NULL, Object(Config\Cache), false)
#4 /home/thinkbizzmarcom/montajpublishing.com/public/index.php(37): CodeIgniter\CodeIgniter->run()
#5 {main}
CRITICAL - 2023-04-08 05:33:49 --> Undefined offset: 0
#0 /home/thinkbizzmarcom/montajpublishing.com/app/Controllers/Home.php(127): CodeIgniter\Debug\Exceptions->errorHandler(8, 'Undefined offse...', '/home/thinkbizz...', 127, Array)
#1 /home/thinkbizzmarcom/montajpublishing.com/system/CodeIgniter.php(832): App\Controllers\Home->blog('client_assets', 'js', 'components', 'hs.selectpicker...')
#2 /home/thinkbizzmarcom/montajpublishing.com/system/CodeIgniter.php(419): CodeIgniter\CodeIgniter->runController(Object(App\Controllers\Home))
#3 /home/thinkbizzmarcom/montajpublishing.com/system/CodeIgniter.php(326): CodeIgniter\CodeIgniter->handleRequest(NULL, Object(Config\Cache), false)
#4 /home/thinkbizzmarcom/montajpublishing.com/public/index.php(37): CodeIgniter\CodeIgniter->run()
#5 {main}
CRITICAL - 2023-04-08 05:33:49 --> Undefined offset: 0
#0 /home/thinkbizzmarcom/montajpublishing.com/app/Controllers/Home.php(127): CodeIgniter\Debug\Exceptions->errorHandler(8, 'Undefined offse...', '/home/thinkbizz...', 127, Array)
#1 /home/thinkbizzmarcom/montajpublishing.com/system/CodeIgniter.php(832): App\Controllers\Home->blog('client_assets', 'js', 'hs.core.js')
#2 /home/thinkbizzmarcom/montajpublishing.com/system/CodeIgniter.php(419): CodeIgniter\CodeIgniter->runController(Object(App\Controllers\Home))
#3 /home/thinkbizzmarcom/montajpublishing.com/system/CodeIgniter.php(326): CodeIgniter\CodeIgniter->handleRequest(NULL, Object(Config\Cache), false)
#4 /home/thinkbizzmarcom/montajpublishing.com/public/index.php(37): CodeIgniter\CodeIgniter->run()
#5 {main}
CRITICAL - 2023-04-08 05:33:49 --> Undefined offset: 0
#0 /home/thinkbizzmarcom/montajpublishing.com/app/Controllers/Home.php(127): CodeIgniter\Debug\Exceptions->errorHandler(8, 'Undefined offse...', '/home/thinkbizz...', 127, Array)
#1 /home/thinkbizzmarcom/montajpublishing.com/system/CodeIgniter.php(832): App\Controllers\Home->blog('client_assets', 'vendor', 'bootstrap', 'bootstrap.min.j...')
#2 /home/thinkbizzmarcom/montajpublishing.com/system/CodeIgniter.php(419): CodeIgniter\CodeIgniter->runController(Object(App\Controllers\Home))
#3 /home/thinkbizzmarcom/montajpublishing.com/system/CodeIgniter.php(326): CodeIgniter\CodeIgniter->handleRequest(NULL, Object(Config\Cache), false)
#4 /home/thinkbizzmarcom/montajpublishing.com/public/index.php(37): CodeIgniter\CodeIgniter->run()
#5 {main}
CRITICAL - 2023-04-08 05:33:50 --> Undefined offset: 0
#0 /home/thinkbizzmarcom/montajpublishing.com/app/Controllers/Home.php(127): CodeIgniter\Debug\Exceptions->errorHandler(8, 'Undefined offse...', '/home/thinkbizz...', 127, Array)
#1 /home/thinkbizzmarcom/montajpublishing.com/system/CodeIgniter.php(832): App\Controllers\Home->blog('client_assets', 'js', 'components', 'hs.slick-carous...')
#2 /home/thinkbizzmarcom/montajpublishing.com/system/CodeIgniter.php(419): CodeIgniter\CodeIgniter->runController(Object(App\Controllers\Home))
#3 /home/thinkbizzmarcom/montajpublishing.com/system/CodeIgniter.php(326): CodeIgniter\CodeIgniter->handleRequest(NULL, Object(Config\Cache), false)
#4 /home/thinkbizzmarcom/montajpublishing.com/public/index.php(37): CodeIgniter\CodeIgniter->run()
#5 {main}
CRITICAL - 2023-04-08 05:33:50 --> Undefined offset: 0
#0 /home/thinkbizzmarcom/montajpublishing.com/app/Controllers/Home.php(127): CodeIgniter\Debug\Exceptions->errorHandler(8, 'Undefined offse...', '/home/thinkbizz...', 127, Array)
#1 /home/thinkbizzmarcom/montajpublishing.com/system/CodeIgniter.php(832): App\Controllers\Home->blog('client_assets', 'js', 'components', 'hs.unfold.js')
#2 /home/thinkbizzmarcom/montajpublishing.com/system/CodeIgniter.php(419): CodeIgniter\CodeIgniter->runController(Object(App\Controllers\Home))
#3 /home/thinkbizzmarcom/montajpublishing.com/system/CodeIgniter.php(326): CodeIgniter\CodeIgniter->handleRequest(NULL, Object(Config\Cache), false)
#4 /home/thinkbizzmarcom/montajpublishing.com/public/index.php(37): CodeIgniter\CodeIgniter->run()
#5 {main}
CRITICAL - 2023-04-08 05:33:50 --> Undefined offset: 0
#0 /home/thinkbizzmarcom/montajpublishing.com/app/Controllers/Home.php(127): CodeIgniter\Debug\Exceptions->errorHandler(8, 'Undefined offse...', '/home/thinkbizz...', 127, Array)
#1 /home/thinkbizzmarcom/montajpublishing.com/system/CodeIgniter.php(832): App\Controllers\Home->blog('client_assets', 'js', 'components', 'hs.header.js')
#2 /home/thinkbizzmarcom/montajpublishing.com/system/CodeIgniter.php(419): CodeIgniter\CodeIgniter->runController(Object(App\Controllers\Home))
#3 /home/thinkbizzmarcom/montajpublishing.com/system/CodeIgniter.php(326): CodeIgniter\CodeIgniter->handleRequest(NULL, Object(Config\Cache), false)
#4 /home/thinkbizzmarcom/montajpublishing.com/public/index.php(37): CodeIgniter\CodeIgniter->run()
#5 {main}
CRITICAL - 2023-04-08 05:33:50 --> Undefined offset: 0
#0 /home/thinkbizzmarcom/montajpublishing.com/app/Controllers/Home.php(127): CodeIgniter\Debug\Exceptions->errorHandler(8, 'Undefined offse...', '/home/thinkbizz...', 127, Array)
#1 /home/thinkbizzmarcom/montajpublishing.com/system/CodeIgniter.php(832): App\Controllers\Home->blog('client_assets', 'vendor', 'jquery-migrate', 'dist', 'jquery-migrate....')
#2 /home/thinkbizzmarcom/montajpublishing.com/system/CodeIgniter.php(419): CodeIgniter\CodeIgniter->runController(Object(App\Controllers\Home))
#3 /home/thinkbizzmarcom/montajpublishing.com/system/CodeIgniter.php(326): CodeIgniter\CodeIgniter->handleRequest(NULL, Object(Config\Cache), false)
#4 /home/thinkbizzmarcom/montajpublishing.com/public/index.php(37): CodeIgniter\CodeIgniter->run()
#5 {main}
CRITICAL - 2023-04-08 05:33:50 --> Undefined offset: 0
#0 /home/thinkbizzmarcom/montajpublishing.com/app/Controllers/Home.php(127): CodeIgniter\Debug\Exceptions->errorHandler(8, 'Undefined offse...', '/home/thinkbizz...', 127, Array)
#1 /home/thinkbizzmarcom/montajpublishing.com/system/CodeIgniter.php(832): App\Controllers\Home->blog('client_assets', 'js', 'components', 'hs.malihu-scrol...')
#2 /home/thinkbizzmarcom/montajpublishing.com/system/CodeIgniter.php(419): CodeIgniter\CodeIgniter->runController(Object(App\Controllers\Home))
#3 /home/thinkbizzmarcom/montajpublishing.com/system/CodeIgniter.php(326): CodeIgniter\CodeIgniter->handleRequest(NULL, Object(Config\Cache), false)
#4 /home/thinkbizzmarcom/montajpublishing.com/public/index.php(37): CodeIgniter\CodeIgniter->run()
#5 {main}
CRITICAL - 2023-04-08 05:33:50 --> Undefined offset: 0
#0 /home/thinkbizzmarcom/montajpublishing.com/app/Controllers/Home.php(127): CodeIgniter\Debug\Exceptions->errorHandler(8, 'Undefined offse...', '/home/thinkbizz...', 127, Array)
#1 /home/thinkbizzmarcom/montajpublishing.com/system/CodeIgniter.php(832): App\Controllers\Home->blog('client_assets', 'vendor', 'bootstrap-selec...', 'dist', 'js', 'bootstrap-selec...')
#2 /home/thinkbizzmarcom/montajpublishing.com/system/CodeIgniter.php(419): CodeIgniter\CodeIgniter->runController(Object(App\Controllers\Home))
#3 /home/thinkbizzmarcom/montajpublishing.com/system/CodeIgniter.php(326): CodeIgniter\CodeIgniter->handleRequest(NULL, Object(Config\Cache), false)
#4 /home/thinkbizzmarcom/montajpublishing.com/public/index.php(37): CodeIgniter\CodeIgniter->run()
#5 {main}
CRITICAL - 2023-04-08 05:33:50 --> Undefined offset: 0
#0 /home/thinkbizzmarcom/montajpublishing.com/app/Controllers/Home.php(127): CodeIgniter\Debug\Exceptions->errorHandler(8, 'Undefined offse...', '/home/thinkbizz...', 127, Array)
#1 /home/thinkbizzmarcom/montajpublishing.com/system/CodeIgniter.php(832): App\Controllers\Home->blog('client_assets', 'vendor', 'multilevel-slid...', 'dist', 'jquery.zeynep.j...')
#2 /home/thinkbizzmarcom/montajpublishing.com/system/CodeIgniter.php(419): CodeIgniter\CodeIgniter->runController(Object(App\Controllers\Home))
#3 /home/thinkbizzmarcom/montajpublishing.com/system/CodeIgniter.php(326): CodeIgniter\CodeIgniter->handleRequest(NULL, Object(Config\Cache), false)
#4 /home/thinkbizzmarcom/montajpublishing.com/public/index.php(37): CodeIgniter\CodeIgniter->run()
#5 {main}
CRITICAL - 2023-04-08 05:33:50 --> Undefined offset: 0
#0 /home/thinkbizzmarcom/montajpublishing.com/app/Controllers/Home.php(127): CodeIgniter\Debug\Exceptions->errorHandler(8, 'Undefined offse...', '/home/thinkbizz...', 127, Array)
#1 /home/thinkbizzmarcom/montajpublishing.com/system/CodeIgniter.php(832): App\Controllers\Home->blog('client_assets', 'vendor', 'malihu-custom-s...', 'jquery.mCustomS...')
#2 /home/thinkbizzmarcom/montajpublishing.com/system/CodeIgniter.php(419): CodeIgniter\CodeIgniter->runController(Object(App\Controllers\Home))
#3 /home/thinkbizzmarcom/montajpublishing.com/system/CodeIgniter.php(326): CodeIgniter\CodeIgniter->handleRequest(NULL, Object(Config\Cache), false)
#4 /home/thinkbizzmarcom/montajpublishing.com/public/index.php(37): CodeIgniter\CodeIgniter->run()
#5 {main}
CRITICAL - 2023-04-08 05:33:50 --> Undefined offset: 0
#0 /home/thinkbizzmarcom/montajpublishing.com/app/Controllers/Home.php(127): CodeIgniter\Debug\Exceptions->errorHandler(8, 'Undefined offse...', '/home/thinkbizz...', 127, Array)
#1 /home/thinkbizzmarcom/montajpublishing.com/system/CodeIgniter.php(832): App\Controllers\Home->blog('client_assets', 'vendor', 'popper.js', 'dist', 'umd', 'popper.min.js')
#2 /home/thinkbizzmarcom/montajpublishing.com/system/CodeIgniter.php(419): CodeIgniter\CodeIgniter->runController(Object(App\Controllers\Home))
#3 /home/thinkbizzmarcom/montajpublishing.com/system/CodeIgniter.php(326): CodeIgniter\CodeIgniter->handleRequest(NULL, Object(Config\Cache), false)
#4 /home/thinkbizzmarcom/montajpublishing.com/public/index.php(37): CodeIgniter\CodeIgniter->run()
#5 {main}
CRITICAL - 2023-04-08 05:33:50 --> Undefined offset: 0
#0 /home/thinkbizzmarcom/montajpublishing.com/app/Controllers/Home.php(127): CodeIgniter\Debug\Exceptions->errorHandler(8, 'Undefined offse...', '/home/thinkbizz...', 127, Array)
#1 /home/thinkbizzmarcom/montajpublishing.com/system/CodeIgniter.php(832): App\Controllers\Home->blog('client_assets', 'vendor', 'jquery', 'dist', 'jquery.min.js')
#2 /home/thinkbizzmarcom/montajpublishing.com/system/CodeIgniter.php(419): CodeIgniter\CodeIgniter->runController(Object(App\Controllers\Home))
#3 /home/thinkbizzmarcom/montajpublishing.com/system/CodeIgniter.php(326): CodeIgniter\CodeIgniter->handleRequest(NULL, Object(Config\Cache), false)
#4 /home/thinkbizzmarcom/montajpublishing.com/public/index.php(37): CodeIgniter\CodeIgniter->run()
#5 {main}
CRITICAL - 2023-04-08 05:33:50 --> Undefined offset: 0
#0 /home/thinkbizzmarcom/montajpublishing.com/app/Controllers/Home.php(127): CodeIgniter\Debug\Exceptions->errorHandler(8, 'Undefined offse...', '/home/thinkbizz...', 127, Array)
#1 /home/thinkbizzmarcom/montajpublishing.com/system/CodeIgniter.php(832): App\Controllers\Home->blog('client_assets', 'vendor', 'slick-carousel', 'slick', 'slick.min.js')
#2 /home/thinkbizzmarcom/montajpublishing.com/system/CodeIgniter.php(419): CodeIgniter\CodeIgniter->runController(Object(App\Controllers\Home))
#3 /home/thinkbizzmarcom/montajpublishing.com/system/CodeIgniter.php(326): CodeIgniter\CodeIgniter->handleRequest(NULL, Object(Config\Cache), false)
#4 /home/thinkbizzmarcom/montajpublishing.com/public/index.php(37): CodeIgniter\CodeIgniter->run()
#5 {main}
CRITICAL - 2023-04-08 05:33:50 --> Undefined offset: 0
#0 /home/thinkbizzmarcom/montajpublishing.com/app/Controllers/Home.php(127): CodeIgniter\Debug\Exceptions->errorHandler(8, 'Undefined offse...', '/home/thinkbizz...', 127, Array)
#1 /home/thinkbizzmarcom/montajpublishing.com/system/CodeIgniter.php(832): App\Controllers\Home->blog('client_assets', 'js', 'components', 'hs.show-animati...')
#2 /home/thinkbizzmarcom/montajpublishing.com/system/CodeIgniter.php(419): CodeIgniter\CodeIgniter->runController(Object(App\Controllers\Home))
#3 /home/thinkbizzmarcom/montajpublishing.com/system/CodeIgniter.php(326): CodeIgniter\CodeIgniter->handleRequest(NULL, Object(Config\Cache), false)
#4 /home/thinkbizzmarcom/montajpublishing.com/public/index.php(37): CodeIgniter\CodeIgniter->run()
#5 {main}
CRITICAL - 2023-04-08 09:45:37 --> Undefined offset: 0
#0 /home/thinkbizzmarcom/montajpublishing.com/app/Controllers/Home.php(127): CodeIgniter\Debug\Exceptions->errorHandler(8, 'Undefined offse...', '/home/thinkbizz...', 127, Array)
#1 /home/thinkbizzmarcom/montajpublishing.com/system/CodeIgniter.php(832): App\Controllers\Home->blog('\xC3\xA0\xC2\xA6\xC5\xB8\xC3\xA0\xC2\xA7\xC2\x81\xC3\xA0\xC2...')
#2 /home/thinkbizzmarcom/montajpublishing.com/system/CodeIgniter.php(419): CodeIgniter\CodeIgniter->runController(Object(App\Controllers\Home))
#3 /home/thinkbizzmarcom/montajpublishing.com/system/CodeIgniter.php(326): CodeIgniter\CodeIgniter->handleRequest(NULL, Object(Config\Cache), false)
#4 /home/thinkbizzmarcom/montajpublishing.com/public/index.php(37): CodeIgniter\CodeIgniter->run()
#5 {main}
CRITICAL - 2023-04-08 12:07:58 --> Undefined offset: 0
#0 /home/thinkbizzmarcom/montajpublishing.com/app/Controllers/Home.php(127): CodeIgniter\Debug\Exceptions->errorHandler(8, 'Undefined offse...', '/home/thinkbizz...', 127, Array)
#1 /home/thinkbizzmarcom/montajpublishing.com/system/CodeIgniter.php(832): App\Controllers\Home->blog('client_assets', 'vendor', 'multilevel-slid...', 'dist', 'jquery.zeynep.j...')
#2 /home/thinkbizzmarcom/montajpublishing.com/system/CodeIgniter.php(419): CodeIgniter\CodeIgniter->runController(Object(App\Controllers\Home))
#3 /home/thinkbizzmarcom/montajpublishing.com/system/CodeIgniter.php(326): CodeIgniter\CodeIgniter->handleRequest(NULL, Object(Config\Cache), false)
#4 /home/thinkbizzmarcom/montajpublishing.com/public/index.php(37): CodeIgniter\CodeIgniter->run()
#5 {main}
CRITICAL - 2023-04-08 12:07:58 --> Undefined offset: 0
#0 /home/thinkbizzmarcom/montajpublishing.com/app/Controllers/Home.php(127): CodeIgniter\Debug\Exceptions->errorHandler(8, 'Undefined offse...', '/home/thinkbizz...', 127, Array)
#1 /home/thinkbizzmarcom/montajpublishing.com/system/CodeIgniter.php(832): App\Controllers\Home->blog('client_assets', 'vendor', 'jquery', 'dist', 'jquery.min.js')
#2 /home/thinkbizzmarcom/montajpublishing.com/system/CodeIgniter.php(419): CodeIgniter\CodeIgniter->runController(Object(App\Controllers\Home))
#3 /home/thinkbizzmarcom/montajpublishing.com/system/CodeIgniter.php(326): CodeIgniter\CodeIgniter->handleRequest(NULL, Object(Config\Cache), false)
#4 /home/thinkbizzmarcom/montajpublishing.com/public/index.php(37): CodeIgniter\CodeIgniter->run()
#5 {main}
CRITICAL - 2023-04-08 12:07:58 --> Undefined offset: 0
#0 /home/thinkbizzmarcom/montajpublishing.com/app/Controllers/Home.php(127): CodeIgniter\Debug\Exceptions->errorHandler(8, 'Undefined offse...', '/home/thinkbizz...', 127, Array)
#1 /home/thinkbizzmarcom/montajpublishing.com/system/CodeIgniter.php(832): App\Controllers\Home->blog('client_assets', 'js', 'components', 'hs.slick-carous...')
#2 /home/thinkbizzmarcom/montajpublishing.com/system/CodeIgniter.php(419): CodeIgniter\CodeIgniter->runController(Object(App\Controllers\Home))
#3 /home/thinkbizzmarcom/montajpublishing.com/system/CodeIgniter.php(326): CodeIgniter\CodeIgniter->handleRequest(NULL, Object(Config\Cache), false)
#4 /home/thinkbizzmarcom/montajpublishing.com/public/index.php(37): CodeIgniter\CodeIgniter->run()
#5 {main}
CRITICAL - 2023-04-08 12:07:58 --> Undefined offset: 0
#0 /home/thinkbizzmarcom/montajpublishing.com/app/Controllers/Home.php(127): CodeIgniter\Debug\Exceptions->errorHandler(8, 'Undefined offse...', '/home/thinkbizz...', 127, Array)
#1 /home/thinkbizzmarcom/montajpublishing.com/system/CodeIgniter.php(832): App\Controllers\Home->blog('client_assets', 'js', 'components', 'hs.selectpicker...')
#2 /home/thinkbizzmarcom/montajpublishing.com/system/CodeIgniter.php(419): CodeIgniter\CodeIgniter->runController(Object(App\Controllers\Home))
#3 /home/thinkbizzmarcom/montajpublishing.com/system/CodeIgniter.php(326): CodeIgniter\CodeIgniter->handleRequest(NULL, Object(Config\Cache), false)
#4 /home/thinkbizzmarcom/montajpublishing.com/public/index.php(37): CodeIgniter\CodeIgniter->run()
#5 {main}
CRITICAL - 2023-04-08 12:07:58 --> Undefined offset: 0
#0 /home/thinkbizzmarcom/montajpublishing.com/app/Controllers/Home.php(127): CodeIgniter\Debug\Exceptions->errorHandler(8, 'Undefined offse...', '/home/thinkbizz...', 127, Array)
#1 /home/thinkbizzmarcom/montajpublishing.com/system/CodeIgniter.php(832): App\Controllers\Home->blog('client_assets', 'vendor', 'bootstrap', 'bootstrap.min.j...')
#2 /home/thinkbizzmarcom/montajpublishing.com/system/CodeIgniter.php(419): CodeIgniter\CodeIgniter->runController(Object(App\Controllers\Home))
#3 /home/thinkbizzmarcom/montajpublishing.com/system/CodeIgniter.php(326): CodeIgniter\CodeIgniter->handleRequest(NULL, Object(Config\Cache), false)
#4 /home/thinkbizzmarcom/montajpublishing.com/public/index.php(37): CodeIgniter\CodeIgniter->run()
#5 {main}
CRITICAL - 2023-04-08 12:07:58 --> Undefined offset: 0
#0 /home/thinkbizzmarcom/montajpublishing.com/app/Controllers/Home.php(127): CodeIgniter\Debug\Exceptions->errorHandler(8, 'Undefined offse...', '/home/thinkbizz...', 127, Array)
#1 /home/thinkbizzmarcom/montajpublishing.com/system/CodeIgniter.php(832): App\Controllers\Home->blog('client_assets', 'js', 'components', 'hs.show-animati...')
#2 /home/thinkbizzmarcom/montajpublishing.com/system/CodeIgniter.php(419): CodeIgniter\CodeIgniter->runController(Object(App\Controllers\Home))
#3 /home/thinkbizzmarcom/montajpublishing.com/system/CodeIgniter.php(326): CodeIgniter\CodeIgniter->handleRequest(NULL, Object(Config\Cache), false)
#4 /home/thinkbizzmarcom/montajpublishing.com/public/index.php(37): CodeIgniter\CodeIgniter->run()
#5 {main}
CRITICAL - 2023-04-08 12:07:59 --> Undefined offset: 0
#0 /home/thinkbizzmarcom/montajpublishing.com/app/Controllers/Home.php(127): CodeIgniter\Debug\Exceptions->errorHandler(8, 'Undefined offse...', '/home/thinkbizz...', 127, Array)
#1 /home/thinkbizzmarcom/montajpublishing.com/system/CodeIgniter.php(832): App\Controllers\Home->blog('client_assets', 'js', 'components', 'hs.unfold.js')
#2 /home/thinkbizzmarcom/montajpublishing.com/system/CodeIgniter.php(419): CodeIgniter\CodeIgniter->runController(Object(App\Controllers\Home))
#3 /home/thinkbizzmarcom/montajpublishing.com/system/CodeIgniter.php(326): CodeIgniter\CodeIgniter->handleRequest(NULL, Object(Config\Cache), false)
#4 /home/thinkbizzmarcom/montajpublishing.com/public/index.php(37): CodeIgniter\CodeIgniter->run()
#5 {main}
CRITICAL - 2023-04-08 12:07:59 --> Undefined offset: 0
#0 /home/thinkbizzmarcom/montajpublishing.com/app/Controllers/Home.php(127): CodeIgniter\Debug\Exceptions->errorHandler(8, 'Undefined offse...', '/home/thinkbizz...', 127, Array)
#1 /home/thinkbizzmarcom/montajpublishing.com/system/CodeIgniter.php(832): App\Controllers\Home->blog('client_assets', 'js', 'hs.core.js')
#2 /home/thinkbizzmarcom/montajpublishing.com/system/CodeIgniter.php(419): CodeIgniter\CodeIgniter->runController(Object(App\Controllers\Home))
#3 /home/thinkbizzmarcom/montajpublishing.com/system/CodeIgniter.php(326): CodeIgniter\CodeIgniter->handleRequest(NULL, Object(Config\Cache), false)
#4 /home/thinkbizzmarcom/montajpublishing.com/public/index.php(37): CodeIgniter\CodeIgniter->run()
#5 {main}
CRITICAL - 2023-04-08 12:07:59 --> Undefined offset: 0
#0 /home/thinkbizzmarcom/montajpublishing.com/app/Controllers/Home.php(127): CodeIgniter\Debug\Exceptions->errorHandler(8, 'Undefined offse...', '/home/thinkbizz...', 127, Array)
#1 /home/thinkbizzmarcom/montajpublishing.com/system/CodeIgniter.php(832): App\Controllers\Home->blog('client_assets', 'js', 'components', 'hs.malihu-scrol...')
#2 /home/thinkbizzmarcom/montajpublishing.com/system/CodeIgniter.php(419): CodeIgniter\CodeIgniter->runController(Object(App\Controllers\Home))
#3 /home/thinkbizzmarcom/montajpublishing.com/system/CodeIgniter.php(326): CodeIgniter\CodeIgniter->handleRequest(NULL, Object(Config\Cache), false)
#4 /home/thinkbizzmarcom/montajpublishing.com/public/index.php(37): CodeIgniter\CodeIgniter->run()
#5 {main}
CRITICAL - 2023-04-08 12:07:59 --> Undefined offset: 0
#0 /home/thinkbizzmarcom/montajpublishing.com/app/Controllers/Home.php(127): CodeIgniter\Debug\Exceptions->errorHandler(8, 'Undefined offse...', '/home/thinkbizz...', 127, Array)
#1 /home/thinkbizzmarcom/montajpublishing.com/system/CodeIgniter.php(832): App\Controllers\Home->blog('client_assets', 'vendor', 'popper.js', 'dist', 'umd', 'popper.min.js')
#2 /home/thinkbizzmarcom/montajpublishing.com/system/CodeIgniter.php(419): CodeIgniter\CodeIgniter->runController(Object(App\Controllers\Home))
#3 /home/thinkbizzmarcom/montajpublishing.com/system/CodeIgniter.php(326): CodeIgniter\CodeIgniter->handleRequest(NULL, Object(Config\Cache), false)
#4 /home/thinkbizzmarcom/montajpublishing.com/public/index.php(37): CodeIgniter\CodeIgniter->run()
#5 {main}
CRITICAL - 2023-04-08 12:07:59 --> Undefined offset: 0
#0 /home/thinkbizzmarcom/montajpublishing.com/app/Controllers/Home.php(127): CodeIgniter\Debug\Exceptions->errorHandler(8, 'Undefined offse...', '/home/thinkbizz...', 127, Array)
#1 /home/thinkbizzmarcom/montajpublishing.com/system/CodeIgniter.php(832): App\Controllers\Home->blog('client_assets', 'vendor', 'jquery-migrate', 'dist', 'jquery-migrate....')
#2 /home/thinkbizzmarcom/montajpublishing.com/system/CodeIgniter.php(419): CodeIgniter\CodeIgniter->runController(Object(App\Controllers\Home))
#3 /home/thinkbizzmarcom/montajpublishing.com/system/CodeIgniter.php(326): CodeIgniter\CodeIgniter->handleRequest(NULL, Object(Config\Cache), false)
#4 /home/thinkbizzmarcom/montajpublishing.com/public/index.php(37): CodeIgniter\CodeIgniter->run()
#5 {main}
CRITICAL - 2023-04-08 12:07:59 --> Undefined offset: 0
#0 /home/thinkbizzmarcom/montajpublishing.com/app/Controllers/Home.php(127): CodeIgniter\Debug\Exceptions->errorHandler(8, 'Undefined offse...', '/home/thinkbizz...', 127, Array)
#1 /home/thinkbizzmarcom/montajpublishing.com/system/CodeIgniter.php(832): App\Controllers\Home->blog('client_assets', 'vendor', 'slick-carousel', 'slick', 'slick.min.js')
#2 /home/thinkbizzmarcom/montajpublishing.com/system/CodeIgniter.php(419): CodeIgniter\CodeIgniter->runController(Object(App\Controllers\Home))
#3 /home/thinkbizzmarcom/montajpublishing.com/system/CodeIgniter.php(326): CodeIgniter\CodeIgniter->handleRequest(NULL, Object(Config\Cache), false)
#4 /home/thinkbizzmarcom/montajpublishing.com/public/index.php(37): CodeIgniter\CodeIgniter->run()
#5 {main}
CRITICAL - 2023-04-08 12:07:59 --> Undefined offset: 0
#0 /home/thinkbizzmarcom/montajpublishing.com/app/Controllers/Home.php(127): CodeIgniter\Debug\Exceptions->errorHandler(8, 'Undefined offse...', '/home/thinkbizz...', 127, Array)
#1 /home/thinkbizzmarcom/montajpublishing.com/system/CodeIgniter.php(832): App\Controllers\Home->blog('client_assets', 'vendor', 'bootstrap-selec...', 'dist', 'js', 'bootstrap-selec...')
#2 /home/thinkbizzmarcom/montajpublishing.com/system/CodeIgniter.php(419): CodeIgniter\CodeIgniter->runController(Object(App\Controllers\Home))
#3 /home/thinkbizzmarcom/montajpublishing.com/system/CodeIgniter.php(326): CodeIgniter\CodeIgniter->handleRequest(NULL, Object(Config\Cache), false)
#4 /home/thinkbizzmarcom/montajpublishing.com/public/index.php(37): CodeIgniter\CodeIgniter->run()
#5 {main}
CRITICAL - 2023-04-08 12:07:59 --> Undefined offset: 0
#0 /home/thinkbizzmarcom/montajpublishing.com/app/Controllers/Home.php(127): CodeIgniter\Debug\Exceptions->errorHandler(8, 'Undefined offse...', '/home/thinkbizz...', 127, Array)
#1 /home/thinkbizzmarcom/montajpublishing.com/system/CodeIgniter.php(832): App\Controllers\Home->blog('client_assets', 'vendor', 'malihu-custom-s...', 'jquery.mCustomS...')
#2 /home/thinkbizzmarcom/montajpublishing.com/system/CodeIgniter.php(419): CodeIgniter\CodeIgniter->runController(Object(App\Controllers\Home))
#3 /home/thinkbizzmarcom/montajpublishing.com/system/CodeIgniter.php(326): CodeIgniter\CodeIgniter->handleRequest(NULL, Object(Config\Cache), false)
#4 /home/thinkbizzmarcom/montajpublishing.com/public/index.php(37): CodeIgniter\CodeIgniter->run()
#5 {main}
CRITICAL - 2023-04-08 12:07:59 --> Undefined offset: 0
#0 /home/thinkbizzmarcom/montajpublishing.com/app/Controllers/Home.php(127): CodeIgniter\Debug\Exceptions->errorHandler(8, 'Undefined offse...', '/home/thinkbizz...', 127, Array)
#1 /home/thinkbizzmarcom/montajpublishing.com/system/CodeIgniter.php(832): App\Controllers\Home->blog('client_assets', 'js', 'components', 'hs.header.js')
#2 /home/thinkbizzmarcom/montajpublishing.com/system/CodeIgniter.php(419): CodeIgniter\CodeIgniter->runController(Object(App\Controllers\Home))
#3 /home/thinkbizzmarcom/montajpublishing.com/system/CodeIgniter.php(326): CodeIgniter\CodeIgniter->handleRequest(NULL, Object(Config\Cache), false)
#4 /home/thinkbizzmarcom/montajpublishing.com/public/index.php(37): CodeIgniter\CodeIgniter->run()
#5 {main}
CRITICAL - 2023-04-08 12:08:03 --> Undefined offset: 0
#0 /home/thinkbizzmarcom/montajpublishing.com/app/Controllers/Home.php(127): CodeIgniter\Debug\Exceptions->errorHandler(8, 'Undefined offse...', '/home/thinkbizz...', 127, Array)
#1 /home/thinkbizzmarcom/montajpublishing.com/system/CodeIgniter.php(832): App\Controllers\Home->blog('client_assets', 'vendor', 'popper.js', 'dist', 'umd', 'popper.min.js')
#2 /home/thinkbizzmarcom/montajpublishing.com/system/CodeIgniter.php(419): CodeIgniter\CodeIgniter->runController(Object(App\Controllers\Home))
#3 /home/thinkbizzmarcom/montajpublishing.com/system/CodeIgniter.php(326): CodeIgniter\CodeIgniter->handleRequest(NULL, Object(Config\Cache), false)
#4 /home/thinkbizzmarcom/montajpublishing.com/public/index.php(37): CodeIgniter\CodeIgniter->run()
#5 {main}
CRITICAL - 2023-04-08 12:08:03 --> Undefined offset: 0
#0 /home/thinkbizzmarcom/montajpublishing.com/app/Controllers/Home.php(127): CodeIgniter\Debug\Exceptions->errorHandler(8, 'Undefined offse...', '/home/thinkbizz...', 127, Array)
#1 /home/thinkbizzmarcom/montajpublishing.com/system/CodeIgniter.php(832): App\Controllers\Home->blog('client_assets', 'vendor', 'malihu-custom-s...', 'jquery.mCustomS...')
#2 /home/thinkbizzmarcom/montajpublishing.com/system/CodeIgniter.php(419): CodeIgniter\CodeIgniter->runController(Object(App\Controllers\Home))
#3 /home/thinkbizzmarcom/montajpublishing.com/system/CodeIgniter.php(326): CodeIgniter\CodeIgniter->handleRequest(NULL, Object(Config\Cache), false)
#4 /home/thinkbizzmarcom/montajpublishing.com/public/index.php(37): CodeIgniter\CodeIgniter->run()
#5 {main}
CRITICAL - 2023-04-08 12:08:03 --> Undefined offset: 0
#0 /home/thinkbizzmarcom/montajpublishing.com/app/Controllers/Home.php(127): CodeIgniter\Debug\Exceptions->errorHandler(8, 'Undefined offse...', '/home/thinkbizz...', 127, Array)
#1 /home/thinkbizzmarcom/montajpublishing.com/system/CodeIgniter.php(832): App\Controllers\Home->blog('client_assets', 'js', 'components', 'hs.malihu-scrol...')
#2 /home/thinkbizzmarcom/montajpublishing.com/system/CodeIgniter.php(419): CodeIgniter\CodeIgniter->runController(Object(App\Controllers\Home))
#3 /home/thinkbizzmarcom/montajpublishing.com/system/CodeIgniter.php(326): CodeIgniter\CodeIgniter->handleRequest(NULL, Object(Config\Cache), false)
#4 /home/thinkbizzmarcom/montajpublishing.com/public/index.php(37): CodeIgniter\CodeIgniter->run()
#5 {main}
CRITICAL - 2023-04-08 12:08:03 --> Undefined offset: 0
#0 /home/thinkbizzmarcom/montajpublishing.com/app/Controllers/Home.php(127): CodeIgniter\Debug\Exceptions->errorHandler(8, 'Undefined offse...', '/home/thinkbizz...', 127, Array)
#1 /home/thinkbizzmarcom/montajpublishing.com/system/CodeIgniter.php(832): App\Controllers\Home->blog('client_assets', 'js', 'hs.core.js')
#2 /home/thinkbizzmarcom/montajpublishing.com/system/CodeIgniter.php(419): CodeIgniter\CodeIgniter->runController(Object(App\Controllers\Home))
#3 /home/thinkbizzmarcom/montajpublishing.com/system/CodeIgniter.php(326): CodeIgniter\CodeIgniter->handleRequest(NULL, Object(Config\Cache), false)
#4 /home/thinkbizzmarcom/montajpublishing.com/public/index.php(37): CodeIgniter\CodeIgniter->run()
#5 {main}
CRITICAL - 2023-04-08 12:08:03 --> Undefined offset: 0
#0 /home/thinkbizzmarcom/montajpublishing.com/app/Controllers/Home.php(127): CodeIgniter\Debug\Exceptions->errorHandler(8, 'Undefined offse...', '/home/thinkbizz...', 127, Array)
#1 /home/thinkbizzmarcom/montajpublishing.com/system/CodeIgniter.php(832): App\Controllers\Home->blog('client_assets', 'vendor', 'bootstrap', 'bootstrap.min.j...')
#2 /home/thinkbizzmarcom/montajpublishing.com/system/CodeIgniter.php(419): CodeIgniter\CodeIgniter->runController(Object(App\Controllers\Home))
#3 /home/thinkbizzmarcom/montajpublishing.com/system/CodeIgniter.php(326): CodeIgniter\CodeIgniter->handleRequest(NULL, Object(Config\Cache), false)
#4 /home/thinkbizzmarcom/montajpublishing.com/public/index.php(37): CodeIgniter\CodeIgniter->run()
#5 {main}
CRITICAL - 2023-04-08 12:08:03 --> Undefined offset: 0
#0 /home/thinkbizzmarcom/montajpublishing.com/app/Controllers/Home.php(127): CodeIgniter\Debug\Exceptions->errorHandler(8, 'Undefined offse...', '/home/thinkbizz...', 127, Array)
#1 /home/thinkbizzmarcom/montajpublishing.com/system/CodeIgniter.php(832): App\Controllers\Home->blog('client_assets', 'js', 'components', 'hs.unfold.js')
#2 /home/thinkbizzmarcom/montajpublishing.com/system/CodeIgniter.php(419): CodeIgniter\CodeIgniter->runController(Object(App\Controllers\Home))
#3 /home/thinkbizzmarcom/montajpublishing.com/system/CodeIgniter.php(326): CodeIgniter\CodeIgniter->handleRequest(NULL, Object(Config\Cache), false)
#4 /home/thinkbizzmarcom/montajpublishing.com/public/index.php(37): CodeIgniter\CodeIgniter->run()
#5 {main}
CRITICAL - 2023-04-08 12:08:03 --> Undefined offset: 0
#0 /home/thinkbizzmarcom/montajpublishing.com/app/Controllers/Home.php(127): CodeIgniter\Debug\Exceptions->errorHandler(8, 'Undefined offse...', '/home/thinkbizz...', 127, Array)
#1 /home/thinkbizzmarcom/montajpublishing.com/system/CodeIgniter.php(832): App\Controllers\Home->blog('client_assets', 'js', 'components', 'hs.selectpicker...')
#2 /home/thinkbizzmarcom/montajpublishing.com/system/CodeIgniter.php(419): CodeIgniter\CodeIgniter->runController(Object(App\Controllers\Home))
#3 /home/thinkbizzmarcom/montajpublishing.com/system/CodeIgniter.php(326): CodeIgniter\CodeIgniter->handleRequest(NULL, Object(Config\Cache), false)
#4 /home/thinkbizzmarcom/montajpublishing.com/public/index.php(37): CodeIgniter\CodeIgniter->run()
#5 {main}
CRITICAL - 2023-04-08 12:08:03 --> Undefined offset: 0
#0 /home/thinkbizzmarcom/montajpublishing.com/app/Controllers/Home.php(127): CodeIgniter\Debug\Exceptions->errorHandler(8, 'Undefined offse...', '/home/thinkbizz...', 127, Array)
#1 /home/thinkbizzmarcom/montajpublishing.com/system/CodeIgniter.php(832): App\Controllers\Home->blog('client_assets', 'js', 'components', 'hs.show-animati...')
#2 /home/thinkbizzmarcom/montajpublishing.com/system/CodeIgniter.php(419): CodeIgniter\CodeIgniter->runController(Object(App\Controllers\Home))
#3 /home/thinkbizzmarcom/montajpublishing.com/system/CodeIgniter.php(326): CodeIgniter\CodeIgniter->handleRequest(NULL, Object(Config\Cache), false)
#4 /home/thinkbizzmarcom/montajpublishing.com/public/index.php(37): CodeIgniter\CodeIgniter->run()
#5 {main}
CRITICAL - 2023-04-08 12:08:04 --> Undefined offset: 0
#0 /home/thinkbizzmarcom/montajpublishing.com/app/Controllers/Home.php(127): CodeIgniter\Debug\Exceptions->errorHandler(8, 'Undefined offse...', '/home/thinkbizz...', 127, Array)
#1 /home/thinkbizzmarcom/montajpublishing.com/system/CodeIgniter.php(832): App\Controllers\Home->blog('client_assets', 'js', 'components', 'hs.slick-carous...')
#2 /home/thinkbizzmarcom/montajpublishing.com/system/CodeIgniter.php(419): CodeIgniter\CodeIgniter->runController(Object(App\Controllers\Home))
#3 /home/thinkbizzmarcom/montajpublishing.com/system/CodeIgniter.php(326): CodeIgniter\CodeIgniter->handleRequest(NULL, Object(Config\Cache), false)
#4 /home/thinkbizzmarcom/montajpublishing.com/public/index.php(37): CodeIgniter\CodeIgniter->run()
#5 {main}
CRITICAL - 2023-04-08 12:08:04 --> Undefined offset: 0
#0 /home/thinkbizzmarcom/montajpublishing.com/app/Controllers/Home.php(127): CodeIgniter\Debug\Exceptions->errorHandler(8, 'Undefined offse...', '/home/thinkbizz...', 127, Array)
#1 /home/thinkbizzmarcom/montajpublishing.com/system/CodeIgniter.php(832): App\Controllers\Home->blog('client_assets', 'vendor', 'jquery', 'dist', 'jquery.min.js')
#2 /home/thinkbizzmarcom/montajpublishing.com/system/CodeIgniter.php(419): CodeIgniter\CodeIgniter->runController(Object(App\Controllers\Home))
#3 /home/thinkbizzmarcom/montajpublishing.com/system/CodeIgniter.php(326): CodeIgniter\CodeIgniter->handleRequest(NULL, Object(Config\Cache), false)
#4 /home/thinkbizzmarcom/montajpublishing.com/public/index.php(37): CodeIgniter\CodeIgniter->run()
#5 {main}
CRITICAL - 2023-04-08 12:08:04 --> Undefined offset: 0
#0 /home/thinkbizzmarcom/montajpublishing.com/app/Controllers/Home.php(127): CodeIgniter\Debug\Exceptions->errorHandler(8, 'Undefined offse...', '/home/thinkbizz...', 127, Array)
#1 /home/thinkbizzmarcom/montajpublishing.com/system/CodeIgniter.php(832): App\Controllers\Home->blog('client_assets', 'vendor', 'slick-carousel', 'slick', 'slick.min.js')
#2 /home/thinkbizzmarcom/montajpublishing.com/system/CodeIgniter.php(419): CodeIgniter\CodeIgniter->runController(Object(App\Controllers\Home))
#3 /home/thinkbizzmarcom/montajpublishing.com/system/CodeIgniter.php(326): CodeIgniter\CodeIgniter->handleRequest(NULL, Object(Config\Cache), false)
#4 /home/thinkbizzmarcom/montajpublishing.com/public/index.php(37): CodeIgniter\CodeIgniter->run()
#5 {main}
CRITICAL - 2023-04-08 12:08:04 --> Undefined offset: 0
#0 /home/thinkbizzmarcom/montajpublishing.com/app/Controllers/Home.php(127): CodeIgniter\Debug\Exceptions->errorHandler(8, 'Undefined offse...', '/home/thinkbizz...', 127, Array)
#1 /home/thinkbizzmarcom/montajpublishing.com/system/CodeIgniter.php(832): App\Controllers\Home->blog('client_assets', 'js', 'components', 'hs.header.js')
#2 /home/thinkbizzmarcom/montajpublishing.com/system/CodeIgniter.php(419): CodeIgniter\CodeIgniter->runController(Object(App\Controllers\Home))
#3 /home/thinkbizzmarcom/montajpublishing.com/system/CodeIgniter.php(326): CodeIgniter\CodeIgniter->handleRequest(NULL, Object(Config\Cache), false)
#4 /home/thinkbizzmarcom/montajpublishing.com/public/index.php(37): CodeIgniter\CodeIgniter->run()
#5 {main}
CRITICAL - 2023-04-08 12:08:04 --> Undefined offset: 0
#0 /home/thinkbizzmarcom/montajpublishing.com/app/Controllers/Home.php(127): CodeIgniter\Debug\Exceptions->errorHandler(8, 'Undefined offse...', '/home/thinkbizz...', 127, Array)
#1 /home/thinkbizzmarcom/montajpublishing.com/system/CodeIgniter.php(832): App\Controllers\Home->blog('client_assets', 'vendor', 'bootstrap-selec...', 'dist', 'js', 'bootstrap-selec...')
#2 /home/thinkbizzmarcom/montajpublishing.com/system/CodeIgniter.php(419): CodeIgniter\CodeIgniter->runController(Object(App\Controllers\Home))
#3 /home/thinkbizzmarcom/montajpublishing.com/system/CodeIgniter.php(326): CodeIgniter\CodeIgniter->handleRequest(NULL, Object(Config\Cache), false)
#4 /home/thinkbizzmarcom/montajpublishing.com/public/index.php(37): CodeIgniter\CodeIgniter->run()
#5 {main}
CRITICAL - 2023-04-08 12:08:04 --> Undefined offset: 0
#0 /home/thinkbizzmarcom/montajpublishing.com/app/Controllers/Home.php(127): CodeIgniter\Debug\Exceptions->errorHandler(8, 'Undefined offse...', '/home/thinkbizz...', 127, Array)
#1 /home/thinkbizzmarcom/montajpublishing.com/system/CodeIgniter.php(832): App\Controllers\Home->blog('client_assets', 'vendor', 'multilevel-slid...', 'dist', 'jquery.zeynep.j...')
#2 /home/thinkbizzmarcom/montajpublishing.com/system/CodeIgniter.php(419): CodeIgniter\CodeIgniter->runController(Object(App\Controllers\Home))
#3 /home/thinkbizzmarcom/montajpublishing.com/system/CodeIgniter.php(326): CodeIgniter\CodeIgniter->handleRequest(NULL, Object(Config\Cache), false)
#4 /home/thinkbizzmarcom/montajpublishing.com/public/index.php(37): CodeIgniter\CodeIgniter->run()
#5 {main}
CRITICAL - 2023-04-08 12:08:04 --> Undefined offset: 0
#0 /home/thinkbizzmarcom/montajpublishing.com/app/Controllers/Home.php(127): CodeIgniter\Debug\Exceptions->errorHandler(8, 'Undefined offse...', '/home/thinkbizz...', 127, Array)
#1 /home/thinkbizzmarcom/montajpublishing.com/system/CodeIgniter.php(832): App\Controllers\Home->blog('client_assets', 'vendor', 'jquery-migrate', 'dist', 'jquery-migrate....')
#2 /home/thinkbizzmarcom/montajpublishing.com/system/CodeIgniter.php(419): CodeIgniter\CodeIgniter->runController(Object(App\Controllers\Home))
#3 /home/thinkbizzmarcom/montajpublishing.com/system/CodeIgniter.php(326): CodeIgniter\CodeIgniter->handleRequest(NULL, Object(Config\Cache), false)
#4 /home/thinkbizzmarcom/montajpublishing.com/public/index.php(37): CodeIgniter\CodeIgniter->run()
#5 {main}
CRITICAL - 2023-04-08 16:49:38 --> Undefined offset: 0
#0 /home/thinkbizzmarcom/montajpublishing.com/app/Controllers/Home.php(127): CodeIgniter\Debug\Exceptions->errorHandler(8, 'Undefined offse...', '/home/thinkbizz...', 127, Array)
#1 /home/thinkbizzmarcom/montajpublishing.com/system/CodeIgniter.php(832): App\Controllers\Home->blog('client_assets', 'js', 'components', 'hs.selectpicker...')
#2 /home/thinkbizzmarcom/montajpublishing.com/system/CodeIgniter.php(419): CodeIgniter\CodeIgniter->runController(Object(App\Controllers\Home))
#3 /home/thinkbizzmarcom/montajpublishing.com/system/CodeIgniter.php(326): CodeIgniter\CodeIgniter->handleRequest(NULL, Object(Config\Cache), false)
#4 /home/thinkbizzmarcom/montajpublishing.com/public/index.php(37): CodeIgniter\CodeIgniter->run()
#5 {main}
CRITICAL - 2023-04-08 16:49:38 --> Undefined offset: 0
#0 /home/thinkbizzmarcom/montajpublishing.com/app/Controllers/Home.php(127): CodeIgniter\Debug\Exceptions->errorHandler(8, 'Undefined offse...', '/home/thinkbizz...', 127, Array)
#1 /home/thinkbizzmarcom/montajpublishing.com/system/CodeIgniter.php(832): App\Controllers\Home->blog('client_assets', 'vendor', 'bootstrap', 'bootstrap.min.j...')
#2 /home/thinkbizzmarcom/montajpublishing.com/system/CodeIgniter.php(419): CodeIgniter\CodeIgniter->runController(Object(App\Controllers\Home))
#3 /home/thinkbizzmarcom/montajpublishing.com/system/CodeIgniter.php(326): CodeIgniter\CodeIgniter->handleRequest(NULL, Object(Config\Cache), false)
#4 /home/thinkbizzmarcom/montajpublishing.com/public/index.php(37): CodeIgniter\CodeIgniter->run()
#5 {main}
CRITICAL - 2023-04-08 16:49:38 --> Undefined offset: 0
#0 /home/thinkbizzmarcom/montajpublishing.com/app/Controllers/Home.php(127): CodeIgniter\Debug\Exceptions->errorHandler(8, 'Undefined offse...', '/home/thinkbizz...', 127, Array)
#1 /home/thinkbizzmarcom/montajpublishing.com/system/CodeIgniter.php(832): App\Controllers\Home->blog('client_assets', 'js', 'components', 'hs.malihu-scrol...')
#2 /home/thinkbizzmarcom/montajpublishing.com/system/CodeIgniter.php(419): CodeIgniter\CodeIgniter->runController(Object(App\Controllers\Home))
#3 /home/thinkbizzmarcom/montajpublishing.com/system/CodeIgniter.php(326): CodeIgniter\CodeIgniter->handleRequest(NULL, Object(Config\Cache), false)
#4 /home/thinkbizzmarcom/montajpublishing.com/public/index.php(37): CodeIgniter\CodeIgniter->run()
#5 {main}
CRITICAL - 2023-04-08 16:49:38 --> Undefined offset: 0
#0 /home/thinkbizzmarcom/montajpublishing.com/app/Controllers/Home.php(127): CodeIgniter\Debug\Exceptions->errorHandler(8, 'Undefined offse...', '/home/thinkbizz...', 127, Array)
#1 /home/thinkbizzmarcom/montajpublishing.com/system/CodeIgniter.php(832): App\Controllers\Home->blog('client_assets', 'js', 'components', 'hs.header.js')
#2 /home/thinkbizzmarcom/montajpublishing.com/system/CodeIgniter.php(419): CodeIgniter\CodeIgniter->runController(Object(App\Controllers\Home))
#3 /home/thinkbizzmarcom/montajpublishing.com/system/CodeIgniter.php(326): CodeIgniter\CodeIgniter->handleRequest(NULL, Object(Config\Cache), false)
#4 /home/thinkbizzmarcom/montajpublishing.com/public/index.php(37): CodeIgniter\CodeIgniter->run()
#5 {main}
CRITICAL - 2023-04-08 16:49:38 --> Undefined offset: 0
#0 /home/thinkbizzmarcom/montajpublishing.com/app/Controllers/Home.php(127): CodeIgniter\Debug\Exceptions->errorHandler(8, 'Undefined offse...', '/home/thinkbizz...', 127, Array)
#1 /home/thinkbizzmarcom/montajpublishing.com/system/CodeIgniter.php(832): App\Controllers\Home->blog('client_assets', 'vendor', 'bootstrap-selec...', 'dist', 'js', 'bootstrap-selec...')
#2 /home/thinkbizzmarcom/montajpublishing.com/system/CodeIgniter.php(419): CodeIgniter\CodeIgniter->runController(Object(App\Controllers\Home))
#3 /home/thinkbizzmarcom/montajpublishing.com/system/CodeIgniter.php(326): CodeIgniter\CodeIgniter->handleRequest(NULL, Object(Config\Cache), false)
#4 /home/thinkbizzmarcom/montajpublishing.com/public/index.php(37): CodeIgniter\CodeIgniter->run()
#5 {main}
CRITICAL - 2023-04-08 16:49:39 --> Undefined offset: 0
#0 /home/thinkbizzmarcom/montajpublishing.com/app/Controllers/Home.php(127): CodeIgniter\Debug\Exceptions->errorHandler(8, 'Undefined offse...', '/home/thinkbizz...', 127, Array)
#1 /home/thinkbizzmarcom/montajpublishing.com/system/CodeIgniter.php(832): App\Controllers\Home->blog('client_assets', 'js', 'components', 'hs.show-animati...')
#2 /home/thinkbizzmarcom/montajpublishing.com/system/CodeIgniter.php(419): CodeIgniter\CodeIgniter->runController(Object(App\Controllers\Home))
#3 /home/thinkbizzmarcom/montajpublishing.com/system/CodeIgniter.php(326): CodeIgniter\CodeIgniter->handleRequest(NULL, Object(Config\Cache), false)
#4 /home/thinkbizzmarcom/montajpublishing.com/public/index.php(37): CodeIgniter\CodeIgniter->run()
#5 {main}
CRITICAL - 2023-04-08 16:49:39 --> Undefined offset: 0
#0 /home/thinkbizzmarcom/montajpublishing.com/app/Controllers/Home.php(127): CodeIgniter\Debug\Exceptions->errorHandler(8, 'Undefined offse...', '/home/thinkbizz...', 127, Array)
#1 /home/thinkbizzmarcom/montajpublishing.com/system/CodeIgniter.php(832): App\Controllers\Home->blog('client_assets', 'vendor', 'jquery-migrate', 'dist', 'jquery-migrate....')
#2 /home/thinkbizzmarcom/montajpublishing.com/system/CodeIgniter.php(419): CodeIgniter\CodeIgniter->runController(Object(App\Controllers\Home))
#3 /home/thinkbizzmarcom/montajpublishing.com/system/CodeIgniter.php(326): CodeIgniter\CodeIgniter->handleRequest(NULL, Object(Config\Cache), false)
#4 /home/thinkbizzmarcom/montajpublishing.com/public/index.php(37): CodeIgniter\CodeIgniter->run()
#5 {main}
CRITICAL - 2023-04-08 16:49:39 --> Undefined offset: 0
#0 /home/thinkbizzmarcom/montajpublishing.com/app/Controllers/Home.php(127): CodeIgniter\Debug\Exceptions->errorHandler(8, 'Undefined offse...', '/home/thinkbizz...', 127, Array)
#1 /home/thinkbizzmarcom/montajpublishing.com/system/CodeIgniter.php(832): App\Controllers\Home->blog('client_assets', 'js', 'hs.core.js')
#2 /home/thinkbizzmarcom/montajpublishing.com/system/CodeIgniter.php(419): CodeIgniter\CodeIgniter->runController(Object(App\Controllers\Home))
#3 /home/thinkbizzmarcom/montajpublishing.com/system/CodeIgniter.php(326): CodeIgniter\CodeIgniter->handleRequest(NULL, Object(Config\Cache), false)
#4 /home/thinkbizzmarcom/montajpublishing.com/public/index.php(37): CodeIgniter\CodeIgniter->run()
#5 {main}
CRITICAL - 2023-04-08 16:49:39 --> Undefined offset: 0
#0 /home/thinkbizzmarcom/montajpublishing.com/app/Controllers/Home.php(127): CodeIgniter\Debug\Exceptions->errorHandler(8, 'Undefined offse...', '/home/thinkbizz...', 127, Array)
#1 /home/thinkbizzmarcom/montajpublishing.com/system/CodeIgniter.php(832): App\Controllers\Home->blog('client_assets', 'vendor', 'slick-carousel', 'slick', 'slick.min.js')
#2 /home/thinkbizzmarcom/montajpublishing.com/system/CodeIgniter.php(419): CodeIgniter\CodeIgniter->runController(Object(App\Controllers\Home))
#3 /home/thinkbizzmarcom/montajpublishing.com/system/CodeIgniter.php(326): CodeIgniter\CodeIgniter->handleRequest(NULL, Object(Config\Cache), false)
#4 /home/thinkbizzmarcom/montajpublishing.com/public/index.php(37): CodeIgniter\CodeIgniter->run()
#5 {main}
CRITICAL - 2023-04-08 16:49:39 --> Undefined offset: 0
#0 /home/thinkbizzmarcom/montajpublishing.com/app/Controllers/Home.php(127): CodeIgniter\Debug\Exceptions->errorHandler(8, 'Undefined offse...', '/home/thinkbizz...', 127, Array)
#1 /home/thinkbizzmarcom/montajpublishing.com/system/CodeIgniter.php(832): App\Controllers\Home->blog('client_assets', 'vendor', 'popper.js', 'dist', 'umd', 'popper.min.js')
#2 /home/thinkbizzmarcom/montajpublishing.com/system/CodeIgniter.php(419): CodeIgniter\CodeIgniter->runController(Object(App\Controllers\Home))
#3 /home/thinkbizzmarcom/montajpublishing.com/system/CodeIgniter.php(326): CodeIgniter\CodeIgniter->handleRequest(NULL, Object(Config\Cache), false)
#4 /home/thinkbizzmarcom/montajpublishing.com/public/index.php(37): CodeIgniter\CodeIgniter->run()
#5 {main}
CRITICAL - 2023-04-08 16:49:39 --> Undefined offset: 0
#0 /home/thinkbizzmarcom/montajpublishing.com/app/Controllers/Home.php(127): CodeIgniter\Debug\Exceptions->errorHandler(8, 'Undefined offse...', '/home/thinkbizz...', 127, Array)
#1 /home/thinkbizzmarcom/montajpublishing.com/system/CodeIgniter.php(832): App\Controllers\Home->blog('client_assets', 'vendor', 'multilevel-slid...', 'dist', 'jquery.zeynep.j...')
#2 /home/thinkbizzmarcom/montajpublishing.com/system/CodeIgniter.php(419): CodeIgniter\CodeIgniter->runController(Object(App\Controllers\Home))
#3 /home/thinkbizzmarcom/montajpublishing.com/system/CodeIgniter.php(326): CodeIgniter\CodeIgniter->handleRequest(NULL, Object(Config\Cache), false)
#4 /home/thinkbizzmarcom/montajpublishing.com/public/index.php(37): CodeIgniter\CodeIgniter->run()
#5 {main}
CRITICAL - 2023-04-08 16:49:39 --> Undefined offset: 0
#0 /home/thinkbizzmarcom/montajpublishing.com/app/Controllers/Home.php(127): CodeIgniter\Debug\Exceptions->errorHandler(8, 'Undefined offse...', '/home/thinkbizz...', 127, Array)
#1 /home/thinkbizzmarcom/montajpublishing.com/system/CodeIgniter.php(832): App\Controllers\Home->blog('client_assets', 'vendor', 'malihu-custom-s...', 'jquery.mCustomS...')
#2 /home/thinkbizzmarcom/montajpublishing.com/system/CodeIgniter.php(419): CodeIgniter\CodeIgniter->runController(Object(App\Controllers\Home))
#3 /home/thinkbizzmarcom/montajpublishing.com/system/CodeIgniter.php(326): CodeIgniter\CodeIgniter->handleRequest(NULL, Object(Config\Cache), false)
#4 /home/thinkbizzmarcom/montajpublishing.com/public/index.php(37): CodeIgniter\CodeIgniter->run()
#5 {main}
CRITICAL - 2023-04-08 16:49:39 --> Undefined offset: 0
#0 /home/thinkbizzmarcom/montajpublishing.com/app/Controllers/Home.php(127): CodeIgniter\Debug\Exceptions->errorHandler(8, 'Undefined offse...', '/home/thinkbizz...', 127, Array)
#1 /home/thinkbizzmarcom/montajpublishing.com/system/CodeIgniter.php(832): App\Controllers\Home->blog('client_assets', 'js', 'components', 'hs.slick-carous...')
#2 /home/thinkbizzmarcom/montajpublishing.com/system/CodeIgniter.php(419): CodeIgniter\CodeIgniter->runController(Object(App\Controllers\Home))
#3 /home/thinkbizzmarcom/montajpublishing.com/system/CodeIgniter.php(326): CodeIgniter\CodeIgniter->handleRequest(NULL, Object(Config\Cache), false)
#4 /home/thinkbizzmarcom/montajpublishing.com/public/index.php(37): CodeIgniter\CodeIgniter->run()
#5 {main}
CRITICAL - 2023-04-08 16:49:39 --> Undefined offset: 0
#0 /home/thinkbizzmarcom/montajpublishing.com/app/Controllers/Home.php(127): CodeIgniter\Debug\Exceptions->errorHandler(8, 'Undefined offse...', '/home/thinkbizz...', 127, Array)
#1 /home/thinkbizzmarcom/montajpublishing.com/system/CodeIgniter.php(832): App\Controllers\Home->blog('client_assets', 'vendor', 'jquery', 'dist', 'jquery.min.js')
#2 /home/thinkbizzmarcom/montajpublishing.com/system/CodeIgniter.php(419): CodeIgniter\CodeIgniter->runController(Object(App\Controllers\Home))
#3 /home/thinkbizzmarcom/montajpublishing.com/system/CodeIgniter.php(326): CodeIgniter\CodeIgniter->handleRequest(NULL, Object(Config\Cache), false)
#4 /home/thinkbizzmarcom/montajpublishing.com/public/index.php(37): CodeIgniter\CodeIgniter->run()
#5 {main}
CRITICAL - 2023-04-08 16:49:39 --> Undefined offset: 0
#0 /home/thinkbizzmarcom/montajpublishing.com/app/Controllers/Home.php(127): CodeIgniter\Debug\Exceptions->errorHandler(8, 'Undefined offse...', '/home/thinkbizz...', 127, Array)
#1 /home/thinkbizzmarcom/montajpublishing.com/system/CodeIgniter.php(832): App\Controllers\Home->blog('client_assets', 'js', 'components', 'hs.unfold.js')
#2 /home/thinkbizzmarcom/montajpublishing.com/system/CodeIgniter.php(419): CodeIgniter\CodeIgniter->runController(Object(App\Controllers\Home))
#3 /home/thinkbizzmarcom/montajpublishing.com/system/CodeIgniter.php(326): CodeIgniter\CodeIgniter->handleRequest(NULL, Object(Config\Cache), false)
#4 /home/thinkbizzmarcom/montajpublishing.com/public/index.php(37): CodeIgniter\CodeIgniter->run()
#5 {main}
CRITICAL - 2023-04-08 19:40:45 --> Undefined offset: 0
#0 /home/thinkbizzmarcom/montajpublishing.com/app/Controllers/Home.php(127): CodeIgniter\Debug\Exceptions->errorHandler(8, 'Undefined offse...', '/home/thinkbizz...', 127, Array)
#1 /home/thinkbizzmarcom/montajpublishing.com/system/CodeIgniter.php(832): App\Controllers\Home->blog('client_assets', 'vendor', 'jquery', 'dist', 'jquery.min.js')
#2 /home/thinkbizzmarcom/montajpublishing.com/system/CodeIgniter.php(419): CodeIgniter\CodeIgniter->runController(Object(App\Controllers\Home))
#3 /home/thinkbizzmarcom/montajpublishing.com/system/CodeIgniter.php(326): CodeIgniter\CodeIgniter->handleRequest(NULL, Object(Config\Cache), false)
#4 /home/thinkbizzmarcom/montajpublishing.com/public/index.php(37): CodeIgniter\CodeIgniter->run()
#5 {main}
CRITICAL - 2023-04-08 19:40:45 --> Undefined offset: 0
#0 /home/thinkbizzmarcom/montajpublishing.com/app/Controllers/Home.php(127): CodeIgniter\Debug\Exceptions->errorHandler(8, 'Undefined offse...', '/home/thinkbizz...', 127, Array)
#1 /home/thinkbizzmarcom/montajpublishing.com/system/CodeIgniter.php(832): App\Controllers\Home->blog('client_assets', 'js', 'components', 'hs.selectpicker...')
#2 /home/thinkbizzmarcom/montajpublishing.com/system/CodeIgniter.php(419): CodeIgniter\CodeIgniter->runController(Object(App\Controllers\Home))
#3 /home/thinkbizzmarcom/montajpublishing.com/system/CodeIgniter.php(326): CodeIgniter\CodeIgniter->handleRequest(NULL, Object(Config\Cache), false)
#4 /home/thinkbizzmarcom/montajpublishing.com/public/index.php(37): CodeIgniter\CodeIgniter->run()
#5 {main}
CRITICAL - 2023-04-08 19:40:45 --> Undefined offset: 0
#0 /home/thinkbizzmarcom/montajpublishing.com/app/Controllers/Home.php(127): CodeIgniter\Debug\Exceptions->errorHandler(8, 'Undefined offse...', '/home/thinkbizz...', 127, Array)
#1 /home/thinkbizzmarcom/montajpublishing.com/system/CodeIgniter.php(832): App\Controllers\Home->blog('client_assets', 'vendor', 'multilevel-slid...', 'dist', 'jquery.zeynep.j...')
#2 /home/thinkbizzmarcom/montajpublishing.com/system/CodeIgniter.php(419): CodeIgniter\CodeIgniter->runController(Object(App\Controllers\Home))
#3 /home/thinkbizzmarcom/montajpublishing.com/system/CodeIgniter.php(326): CodeIgniter\CodeIgniter->handleRequest(NULL, Object(Config\Cache), false)
#4 /home/thinkbizzmarcom/montajpublishing.com/public/index.php(37): CodeIgniter\CodeIgniter->run()
#5 {main}
CRITICAL - 2023-04-08 19:40:45 --> Undefined offset: 0
#0 /home/thinkbizzmarcom/montajpublishing.com/app/Controllers/Home.php(127): CodeIgniter\Debug\Exceptions->errorHandler(8, 'Undefined offse...', '/home/thinkbizz...', 127, Array)
#1 /home/thinkbizzmarcom/montajpublishing.com/system/CodeIgniter.php(832): App\Controllers\Home->blog('client_assets', 'vendor', 'jquery-migrate', 'dist', 'jquery-migrate....')
#2 /home/thinkbizzmarcom/montajpublishing.com/system/CodeIgniter.php(419): CodeIgniter\CodeIgniter->runController(Object(App\Controllers\Home))
#3 /home/thinkbizzmarcom/montajpublishing.com/system/CodeIgniter.php(326): CodeIgniter\CodeIgniter->handleRequest(NULL, Object(Config\Cache), false)
#4 /home/thinkbizzmarcom/montajpublishing.com/public/index.php(37): CodeIgniter\CodeIgniter->run()
#5 {main}
CRITICAL - 2023-04-08 19:40:46 --> Undefined offset: 0
#0 /home/thinkbizzmarcom/montajpublishing.com/app/Controllers/Home.php(127): CodeIgniter\Debug\Exceptions->errorHandler(8, 'Undefined offse...', '/home/thinkbizz...', 127, Array)
#1 /home/thinkbizzmarcom/montajpublishing.com/system/CodeIgniter.php(832): App\Controllers\Home->blog('client_assets', 'js', 'components', 'hs.malihu-scrol...')
#2 /home/thinkbizzmarcom/montajpublishing.com/system/CodeIgniter.php(419): CodeIgniter\CodeIgniter->runController(Object(App\Controllers\Home))
#3 /home/thinkbizzmarcom/montajpublishing.com/system/CodeIgniter.php(326): CodeIgniter\CodeIgniter->handleRequest(NULL, Object(Config\Cache), false)
#4 /home/thinkbizzmarcom/montajpublishing.com/public/index.php(37): CodeIgniter\CodeIgniter->run()
#5 {main}
CRITICAL - 2023-04-08 19:40:46 --> Undefined offset: 0
#0 /home/thinkbizzmarcom/montajpublishing.com/app/Controllers/Home.php(127): CodeIgniter\Debug\Exceptions->errorHandler(8, 'Undefined offse...', '/home/thinkbizz...', 127, Array)
#1 /home/thinkbizzmarcom/montajpublishing.com/system/CodeIgniter.php(832): App\Controllers\Home->blog('client_assets', 'js', 'components', 'hs.show-animati...')
#2 /home/thinkbizzmarcom/montajpublishing.com/system/CodeIgniter.php(419): CodeIgniter\CodeIgniter->runController(Object(App\Controllers\Home))
#3 /home/thinkbizzmarcom/montajpublishing.com/system/CodeIgniter.php(326): CodeIgniter\CodeIgniter->handleRequest(NULL, Object(Config\Cache), false)
#4 /home/thinkbizzmarcom/montajpublishing.com/public/index.php(37): CodeIgniter\CodeIgniter->run()
#5 {main}
CRITICAL - 2023-04-08 19:40:46 --> Undefined offset: 0
#0 /home/thinkbizzmarcom/montajpublishing.com/app/Controllers/Home.php(127): CodeIgniter\Debug\Exceptions->errorHandler(8, 'Undefined offse...', '/home/thinkbizz...', 127, Array)
#1 /home/thinkbizzmarcom/montajpublishing.com/system/CodeIgniter.php(832): App\Controllers\Home->blog('client_assets', 'vendor', 'malihu-custom-s...', 'jquery.mCustomS...')
#2 /home/thinkbizzmarcom/montajpublishing.com/system/CodeIgniter.php(419): CodeIgniter\CodeIgniter->runController(Object(App\Controllers\Home))
#3 /home/thinkbizzmarcom/montajpublishing.com/system/CodeIgniter.php(326): CodeIgniter\CodeIgniter->handleRequest(NULL, Object(Config\Cache), false)
#4 /home/thinkbizzmarcom/montajpublishing.com/public/index.php(37): CodeIgniter\CodeIgniter->run()
#5 {main}
CRITICAL - 2023-04-08 19:40:46 --> Undefined offset: 0
#0 /home/thinkbizzmarcom/montajpublishing.com/app/Controllers/Home.php(127): CodeIgniter\Debug\Exceptions->errorHandler(8, 'Undefined offse...', '/home/thinkbizz...', 127, Array)
#1 /home/thinkbizzmarcom/montajpublishing.com/system/CodeIgniter.php(832): App\Controllers\Home->blog('client_assets', 'vendor', 'bootstrap', 'bootstrap.min.j...')
#2 /home/thinkbizzmarcom/montajpublishing.com/system/CodeIgniter.php(419): CodeIgniter\CodeIgniter->runController(Object(App\Controllers\Home))
#3 /home/thinkbizzmarcom/montajpublishing.com/system/CodeIgniter.php(326): CodeIgniter\CodeIgniter->handleRequest(NULL, Object(Config\Cache), false)
#4 /home/thinkbizzmarcom/montajpublishing.com/public/index.php(37): CodeIgniter\CodeIgniter->run()
#5 {main}
CRITICAL - 2023-04-08 19:40:46 --> Undefined offset: 0
#0 /home/thinkbizzmarcom/montajpublishing.com/app/Controllers/Home.php(127): CodeIgniter\Debug\Exceptions->errorHandler(8, 'Undefined offse...', '/home/thinkbizz...', 127, Array)
#1 /home/thinkbizzmarcom/montajpublishing.com/system/CodeIgniter.php(832): App\Controllers\Home->blog('client_assets', 'js', 'components', 'hs.header.js')
#2 /home/thinkbizzmarcom/montajpublishing.com/system/CodeIgniter.php(419): CodeIgniter\CodeIgniter->runController(Object(App\Controllers\Home))
#3 /home/thinkbizzmarcom/montajpublishing.com/system/CodeIgniter.php(326): CodeIgniter\CodeIgniter->handleRequest(NULL, Object(Config\Cache), false)
#4 /home/thinkbizzmarcom/montajpublishing.com/public/index.php(37): CodeIgniter\CodeIgniter->run()
#5 {main}
CRITICAL - 2023-04-08 19:40:46 --> Undefined offset: 0
#0 /home/thinkbizzmarcom/montajpublishing.com/app/Controllers/Home.php(127): CodeIgniter\Debug\Exceptions->errorHandler(8, 'Undefined offse...', '/home/thinkbizz...', 127, Array)
#1 /home/thinkbizzmarcom/montajpublishing.com/system/CodeIgniter.php(832): App\Controllers\Home->blog('client_assets', 'vendor', 'popper.js', 'dist', 'umd', 'popper.min.js')
#2 /home/thinkbizzmarcom/montajpublishing.com/system/CodeIgniter.php(419): CodeIgniter\CodeIgniter->runController(Object(App\Controllers\Home))
#3 /home/thinkbizzmarcom/montajpublishing.com/system/CodeIgniter.php(326): CodeIgniter\CodeIgniter->handleRequest(NULL, Object(Config\Cache), false)
#4 /home/thinkbizzmarcom/montajpublishing.com/public/index.php(37): CodeIgniter\CodeIgniter->run()
#5 {main}
CRITICAL - 2023-04-08 19:40:46 --> Undefined offset: 0
#0 /home/thinkbizzmarcom/montajpublishing.com/app/Controllers/Home.php(127): CodeIgniter\Debug\Exceptions->errorHandler(8, 'Undefined offse...', '/home/thinkbizz...', 127, Array)
#1 /home/thinkbizzmarcom/montajpublishing.com/system/CodeIgniter.php(832): App\Controllers\Home->blog('client_assets', 'js', 'hs.core.js')
#2 /home/thinkbizzmarcom/montajpublishing.com/system/CodeIgniter.php(419): CodeIgniter\CodeIgniter->runController(Object(App\Controllers\Home))
#3 /home/thinkbizzmarcom/montajpublishing.com/system/CodeIgniter.php(326): CodeIgniter\CodeIgniter->handleRequest(NULL, Object(Config\Cache), false)
#4 /home/thinkbizzmarcom/montajpublishing.com/public/index.php(37): CodeIgniter\CodeIgniter->run()
#5 {main}
CRITICAL - 2023-04-08 19:40:46 --> Undefined offset: 0
#0 /home/thinkbizzmarcom/montajpublishing.com/app/Controllers/Home.php(127): CodeIgniter\Debug\Exceptions->errorHandler(8, 'Undefined offse...', '/home/thinkbizz...', 127, Array)
#1 /home/thinkbizzmarcom/montajpublishing.com/system/CodeIgniter.php(832): App\Controllers\Home->blog('client_assets', 'vendor', 'slick-carousel', 'slick', 'slick.min.js')
#2 /home/thinkbizzmarcom/montajpublishing.com/system/CodeIgniter.php(419): CodeIgniter\CodeIgniter->runController(Object(App\Controllers\Home))
#3 /home/thinkbizzmarcom/montajpublishing.com/system/CodeIgniter.php(326): CodeIgniter\CodeIgniter->handleRequest(NULL, Object(Config\Cache), false)
#4 /home/thinkbizzmarcom/montajpublishing.com/public/index.php(37): CodeIgniter\CodeIgniter->run()
#5 {main}
CRITICAL - 2023-04-08 19:40:46 --> Undefined offset: 0
#0 /home/thinkbizzmarcom/montajpublishing.com/app/Controllers/Home.php(127): CodeIgniter\Debug\Exceptions->errorHandler(8, 'Undefined offse...', '/home/thinkbizz...', 127, Array)
#1 /home/thinkbizzmarcom/montajpublishing.com/system/CodeIgniter.php(832): App\Controllers\Home->blog('client_assets', 'vendor', 'bootstrap-selec...', 'dist', 'js', 'bootstrap-selec...')
#2 /home/thinkbizzmarcom/montajpublishing.com/system/CodeIgniter.php(419): CodeIgniter\CodeIgniter->runController(Object(App\Controllers\Home))
#3 /home/thinkbizzmarcom/montajpublishing.com/system/CodeIgniter.php(326): CodeIgniter\CodeIgniter->handleRequest(NULL, Object(Config\Cache), false)
#4 /home/thinkbizzmarcom/montajpublishing.com/public/index.php(37): CodeIgniter\CodeIgniter->run()
#5 {main}
CRITICAL - 2023-04-08 19:40:46 --> Undefined offset: 0
#0 /home/thinkbizzmarcom/montajpublishing.com/app/Controllers/Home.php(127): CodeIgniter\Debug\Exceptions->errorHandler(8, 'Undefined offse...', '/home/thinkbizz...', 127, Array)
#1 /home/thinkbizzmarcom/montajpublishing.com/system/CodeIgniter.php(832): App\Controllers\Home->blog('client_assets', 'js', 'components', 'hs.unfold.js')
#2 /home/thinkbizzmarcom/montajpublishing.com/system/CodeIgniter.php(419): CodeIgniter\CodeIgniter->runController(Object(App\Controllers\Home))
#3 /home/thinkbizzmarcom/montajpublishing.com/system/CodeIgniter.php(326): CodeIgniter\CodeIgniter->handleRequest(NULL, Object(Config\Cache), false)
#4 /home/thinkbizzmarcom/montajpublishing.com/public/index.php(37): CodeIgniter\CodeIgniter->run()
#5 {main}
CRITICAL - 2023-04-08 19:40:46 --> Undefined offset: 0
#0 /home/thinkbizzmarcom/montajpublishing.com/app/Controllers/Home.php(127): CodeIgniter\Debug\Exceptions->errorHandler(8, 'Undefined offse...', '/home/thinkbizz...', 127, Array)
#1 /home/thinkbizzmarcom/montajpublishing.com/system/CodeIgniter.php(832): App\Controllers\Home->blog('client_assets', 'js', 'components', 'hs.slick-carous...')
#2 /home/thinkbizzmarcom/montajpublishing.com/system/CodeIgniter.php(419): CodeIgniter\CodeIgniter->runController(Object(App\Controllers\Home))
#3 /home/thinkbizzmarcom/montajpublishing.com/system/CodeIgniter.php(326): CodeIgniter\CodeIgniter->handleRequest(NULL, Object(Config\Cache), false)
#4 /home/thinkbizzmarcom/montajpublishing.com/public/index.php(37): CodeIgniter\CodeIgniter->run()
#5 {main}
