ERROR - 2022-06-11 01:27:56 --> Unknown column 'image' in 'field list'
CRITICAL - 2022-06-11 01:27:56 --> Unknown column 'image' in 'field list'
#0 C:\laragon\www\anushapublishing\system\Database\MySQLi\Connection.php(292): mysqli->query('INSERT INTO `bo...', 0)
#1 C:\laragon\www\anushapublishing\system\Database\BaseConnection.php(670): CodeIgniter\Database\MySQLi\Connection->execute('INSERT INTO `bo...')
#2 C:\laragon\www\anushapublishing\system\Database\BaseConnection.php(598): CodeIgniter\Database\BaseConnection->simpleQuery('INSERT INTO `bo...')
#3 C:\laragon\www\anushapublishing\system\Database\BaseBuilder.php(1771): CodeIgniter\Database\BaseConnection->query('INSERT INTO `bo...', Array, false)
#4 C:\laragon\www\anushapublishing\system\Model.php(239): CodeIgniter\Database\BaseBuilder->insert()
#5 C:\laragon\www\anushapublishing\system\BaseModel.php(738): CodeIgniter\Model->doInsert(Array)
#6 C:\laragon\www\anushapublishing\system\Model.php(625): CodeIgniter\BaseModel->insert(Array, true)
#7 C:\laragon\www\anushapublishing\app\Controllers\Admin.php(333): CodeIgniter\Model->insert(Array)
#8 C:\laragon\www\anushapublishing\system\CodeIgniter.php(832): App\Controllers\Admin->editBookExtraImage(2)
#9 C:\laragon\www\anushapublishing\system\CodeIgniter.php(419): CodeIgniter\CodeIgniter->runController(Object(App\Controllers\Admin))
#10 C:\laragon\www\anushapublishing\system\CodeIgniter.php(326): CodeIgniter\CodeIgniter->handleRequest(NULL, Object(Config\Cache), false)
#11 C:\laragon\www\anushapublishing\public\index.php(37): CodeIgniter\CodeIgniter->run()
#12 {main}
CRITICAL - 2022-06-11 05:05:59 --> Undefined variable: price
#0 C:\laragon\www\anushapublishing\app\Views\client\store.php(87): CodeIgniter\Debug\Exceptions->errorHandler(8, 'Undefined varia...', 'C:\\laragon\\www\\...', 87, Array)
#1 C:\laragon\www\anushapublishing\system\View\View.php(210): include('C:\\laragon\\www\\...')
#2 C:\laragon\www\anushapublishing\system\View\View.php(213): CodeIgniter\View\View->CodeIgniter\View\{closure}()
#3 C:\laragon\www\anushapublishing\system\Common.php(1089): CodeIgniter\View\View->render('client/store', Array, true)
#4 C:\laragon\www\anushapublishing\app\Controllers\Home.php(125): view('client/store', Array)
#5 C:\laragon\www\anushapublishing\system\CodeIgniter.php(832): App\Controllers\Home->store()
#6 C:\laragon\www\anushapublishing\system\CodeIgniter.php(419): CodeIgniter\CodeIgniter->runController(Object(App\Controllers\Home))
#7 C:\laragon\www\anushapublishing\system\CodeIgniter.php(326): CodeIgniter\CodeIgniter->handleRequest(NULL, Object(Config\Cache), false)
#8 C:\laragon\www\anushapublishing\public\index.php(37): CodeIgniter\CodeIgniter->run()
#9 {main}
ERROR - 2022-06-11 05:23:43 --> Unknown column '$product_name_slug' in 'where clause'
CRITICAL - 2022-06-11 05:23:43 --> Unknown column '$product_name_slug' in 'where clause'
#0 C:\laragon\www\anushapublishing\system\Database\MySQLi\Connection.php(292): mysqli->query('SELECT *\nFROM `...', 0)
#1 C:\laragon\www\anushapublishing\system\Database\BaseConnection.php(670): CodeIgniter\Database\MySQLi\Connection->execute('SELECT *\nFROM `...')
#2 C:\laragon\www\anushapublishing\system\Database\BaseConnection.php(598): CodeIgniter\Database\BaseConnection->simpleQuery('SELECT *\nFROM `...')
#3 C:\laragon\www\anushapublishing\system\Database\BaseBuilder.php(1455): CodeIgniter\Database\BaseConnection->query('SELECT *\nFROM `...', Array, false)
#4 C:\laragon\www\anushapublishing\system\Model.php(145): CodeIgniter\Database\BaseBuilder->get()
#5 C:\laragon\www\anushapublishing\system\BaseModel.php(523): CodeIgniter\Model->doFind(false, NULL)
#6 C:\laragon\www\anushapublishing\app\Controllers\Home.php(132): CodeIgniter\BaseModel->find()
#7 C:\laragon\www\anushapublishing\system\CodeIgniter.php(832): App\Controllers\Home->product('related-collect...')
#8 C:\laragon\www\anushapublishing\system\CodeIgniter.php(419): CodeIgniter\CodeIgniter->runController(Object(App\Controllers\Home))
#9 C:\laragon\www\anushapublishing\system\CodeIgniter.php(326): CodeIgniter\CodeIgniter->handleRequest(NULL, Object(Config\Cache), false)
#10 C:\laragon\www\anushapublishing\public\index.php(37): CodeIgniter\CodeIgniter->run()
#11 {main}
CRITICAL - 2022-06-11 05:28:24 --> Undefined index: product_name_slug
#0 C:\laragon\www\anushapublishing\app\Views\client\product.php(15): CodeIgniter\Debug\Exceptions->errorHandler(8, 'Undefined index...', 'C:\\laragon\\www\\...', 15, Array)
#1 C:\laragon\www\anushapublishing\system\View\View.php(210): include('C:\\laragon\\www\\...')
#2 C:\laragon\www\anushapublishing\system\View\View.php(213): CodeIgniter\View\View->CodeIgniter\View\{closure}()
#3 C:\laragon\www\anushapublishing\system\Common.php(1089): CodeIgniter\View\View->render('client/product', Array, true)
#4 C:\laragon\www\anushapublishing\app\Controllers\Home.php(136): view('client/product', Array)
#5 C:\laragon\www\anushapublishing\system\CodeIgniter.php(832): App\Controllers\Home->product('related-collect...')
#6 C:\laragon\www\anushapublishing\system\CodeIgniter.php(419): CodeIgniter\CodeIgniter->runController(Object(App\Controllers\Home))
#7 C:\laragon\www\anushapublishing\system\CodeIgniter.php(326): CodeIgniter\CodeIgniter->handleRequest(NULL, Object(Config\Cache), false)
#8 C:\laragon\www\anushapublishing\public\index.php(37): CodeIgniter\CodeIgniter->run()
#9 {main}
CRITICAL - 2022-06-11 05:28:52 --> Undefined index: product_name_slug
#0 C:\laragon\www\anushapublishing\app\Views\client\product.php(15): CodeIgniter\Debug\Exceptions->errorHandler(8, 'Undefined index...', 'C:\\laragon\\www\\...', 15, Array)
#1 C:\laragon\www\anushapublishing\system\View\View.php(210): include('C:\\laragon\\www\\...')
#2 C:\laragon\www\anushapublishing\system\View\View.php(213): CodeIgniter\View\View->CodeIgniter\View\{closure}()
#3 C:\laragon\www\anushapublishing\system\Common.php(1089): CodeIgniter\View\View->render('client/product', Array, true)
#4 C:\laragon\www\anushapublishing\app\Controllers\Home.php(136): view('client/product', Array)
#5 C:\laragon\www\anushapublishing\system\CodeIgniter.php(832): App\Controllers\Home->product('related-collect...')
#6 C:\laragon\www\anushapublishing\system\CodeIgniter.php(419): CodeIgniter\CodeIgniter->runController(Object(App\Controllers\Home))
#7 C:\laragon\www\anushapublishing\system\CodeIgniter.php(326): CodeIgniter\CodeIgniter->handleRequest(NULL, Object(Config\Cache), false)
#8 C:\laragon\www\anushapublishing\public\index.php(37): CodeIgniter\CodeIgniter->run()
#9 {main}
CRITICAL - 2022-06-11 05:29:17 --> Undefined index: product_name
#0 C:\laragon\www\anushapublishing\app\Views\client\product.php(17): CodeIgniter\Debug\Exceptions->errorHandler(8, 'Undefined index...', 'C:\\laragon\\www\\...', 17, Array)
#1 C:\laragon\www\anushapublishing\system\View\View.php(210): include('C:\\laragon\\www\\...')
#2 C:\laragon\www\anushapublishing\system\View\View.php(213): CodeIgniter\View\View->CodeIgniter\View\{closure}()
#3 C:\laragon\www\anushapublishing\system\Common.php(1089): CodeIgniter\View\View->render('client/product', Array, true)
#4 C:\laragon\www\anushapublishing\app\Controllers\Home.php(136): view('client/product', Array)
#5 C:\laragon\www\anushapublishing\system\CodeIgniter.php(832): App\Controllers\Home->product('related-collect...')
#6 C:\laragon\www\anushapublishing\system\CodeIgniter.php(419): CodeIgniter\CodeIgniter->runController(Object(App\Controllers\Home))
#7 C:\laragon\www\anushapublishing\system\CodeIgniter.php(326): CodeIgniter\CodeIgniter->handleRequest(NULL, Object(Config\Cache), false)
#8 C:\laragon\www\anushapublishing\public\index.php(37): CodeIgniter\CodeIgniter->run()
#9 {main}
CRITICAL - 2022-06-11 05:44:42 --> Undefined variable: product_price
#0 C:\laragon\www\anushapublishing\app\Views\client\product.php(122): CodeIgniter\Debug\Exceptions->errorHandler(8, 'Undefined varia...', 'C:\\laragon\\www\\...', 122, Array)
#1 C:\laragon\www\anushapublishing\system\View\View.php(210): include('C:\\laragon\\www\\...')
#2 C:\laragon\www\anushapublishing\system\View\View.php(213): CodeIgniter\View\View->CodeIgniter\View\{closure}()
#3 C:\laragon\www\anushapublishing\system\Common.php(1089): CodeIgniter\View\View->render('client/product', Array, true)
#4 C:\laragon\www\anushapublishing\app\Controllers\Home.php(136): view('client/product', Array)
#5 C:\laragon\www\anushapublishing\system\CodeIgniter.php(832): App\Controllers\Home->product('related-collect...')
#6 C:\laragon\www\anushapublishing\system\CodeIgniter.php(419): CodeIgniter\CodeIgniter->runController(Object(App\Controllers\Home))
#7 C:\laragon\www\anushapublishing\system\CodeIgniter.php(326): CodeIgniter\CodeIgniter->handleRequest(NULL, Object(Config\Cache), false)
#8 C:\laragon\www\anushapublishing\public\index.php(37): CodeIgniter\CodeIgniter->run()
#9 {main}
CRITICAL - 2022-06-11 05:45:22 --> Array to string conversion
#0 C:\laragon\www\anushapublishing\app\Views\client\product.php(122): CodeIgniter\Debug\Exceptions->errorHandler(8, 'Array to string...', 'C:\\laragon\\www\\...', 122, Array)
#1 C:\laragon\www\anushapublishing\system\View\View.php(210): include('C:\\laragon\\www\\...')
#2 C:\laragon\www\anushapublishing\system\View\View.php(213): CodeIgniter\View\View->CodeIgniter\View\{closure}()
#3 C:\laragon\www\anushapublishing\system\Common.php(1089): CodeIgniter\View\View->render('client/product', Array, true)
#4 C:\laragon\www\anushapublishing\app\Controllers\Home.php(136): view('client/product', Array)
#5 C:\laragon\www\anushapublishing\system\CodeIgniter.php(832): App\Controllers\Home->product('related-collect...')
#6 C:\laragon\www\anushapublishing\system\CodeIgniter.php(419): CodeIgniter\CodeIgniter->runController(Object(App\Controllers\Home))
#7 C:\laragon\www\anushapublishing\system\CodeIgniter.php(326): CodeIgniter\CodeIgniter->handleRequest(NULL, Object(Config\Cache), false)
#8 C:\laragon\www\anushapublishing\public\index.php(37): CodeIgniter\CodeIgniter->run()
#9 {main}
ERROR - 2022-06-11 06:27:47 --> Unknown column 'product_name_slug' in 'where clause'
CRITICAL - 2022-06-11 06:27:47 --> Unknown column 'product_name_slug' in 'where clause'
#0 C:\laragon\www\anushapublishing\system\Database\MySQLi\Connection.php(292): mysqli->query('SELECT *\nFROM `...', 0)
#1 C:\laragon\www\anushapublishing\system\Database\BaseConnection.php(670): CodeIgniter\Database\MySQLi\Connection->execute('SELECT *\nFROM `...')
#2 C:\laragon\www\anushapublishing\system\Database\BaseConnection.php(598): CodeIgniter\Database\BaseConnection->simpleQuery('SELECT *\nFROM `...')
#3 C:\laragon\www\anushapublishing\system\Database\BaseBuilder.php(1455): CodeIgniter\Database\BaseConnection->query('SELECT *\nFROM `...', Array, false)
#4 C:\laragon\www\anushapublishing\system\Model.php(183): CodeIgniter\Database\BaseBuilder->get()
#5 C:\laragon\www\anushapublishing\system\BaseModel.php(584): CodeIgniter\Model->doFindAll(0, 0)
#6 C:\laragon\www\anushapublishing\app\Controllers\Home.php(139): CodeIgniter\BaseModel->findAll()
#7 C:\laragon\www\anushapublishing\system\CodeIgniter.php(832): App\Controllers\Home->product('related-collect...')
#8 C:\laragon\www\anushapublishing\system\CodeIgniter.php(419): CodeIgniter\CodeIgniter->runController(Object(App\Controllers\Home))
#9 C:\laragon\www\anushapublishing\system\CodeIgniter.php(326): CodeIgniter\CodeIgniter->handleRequest(NULL, Object(Config\Cache), false)
#10 C:\laragon\www\anushapublishing\public\index.php(37): CodeIgniter\CodeIgniter->run()
#11 {main}
ERROR - 2022-06-11 07:43:10 --> You have an error in your SQL syntax; check the manual that corresponds to your MySQL server version for the right syntax to use near 'ORDER BY `id` DESC' at line 1
CRITICAL - 2022-06-11 07:43:10 --> You have an error in your SQL syntax; check the manual that corresponds to your MySQL server version for the right syntax to use near 'ORDER BY `id` DESC' at line 1
#0 C:\laragon\www\anushapublishing\system\Database\MySQLi\Connection.php(292): mysqli->query('SELECT * FROM `...', 0)
#1 C:\laragon\www\anushapublishing\system\Database\BaseConnection.php(670): CodeIgniter\Database\MySQLi\Connection->execute('SELECT * FROM `...')
#2 C:\laragon\www\anushapublishing\system\Database\BaseConnection.php(598): CodeIgniter\Database\BaseConnection->simpleQuery('SELECT * FROM `...')
#3 C:\laragon\www\anushapublishing\app\Controllers\Home.php(20): CodeIgniter\Database\BaseConnection->query('SELECT * FROM `...')
#4 C:\laragon\www\anushapublishing\system\CodeIgniter.php(832): App\Controllers\Home->index()
#5 C:\laragon\www\anushapublishing\system\CodeIgniter.php(419): CodeIgniter\CodeIgniter->runController(Object(App\Controllers\Home))
#6 C:\laragon\www\anushapublishing\system\CodeIgniter.php(326): CodeIgniter\CodeIgniter->handleRequest(NULL, Object(Config\Cache), false)
#7 C:\laragon\www\anushapublishing\public\index.php(37): CodeIgniter\CodeIgniter->run()
#8 {main}
ERROR - 2022-06-11 07:43:52 --> You have an error in your SQL syntax; check the manual that corresponds to your MySQL server version for the right syntax to use near 'ORDER BY `product_id` DESC' at line 1
CRITICAL - 2022-06-11 07:43:52 --> You have an error in your SQL syntax; check the manual that corresponds to your MySQL server version for the right syntax to use near 'ORDER BY `product_id` DESC' at line 1
#0 C:\laragon\www\anushapublishing\system\Database\MySQLi\Connection.php(292): mysqli->query('SELECT * FROM `...', 0)
#1 C:\laragon\www\anushapublishing\system\Database\BaseConnection.php(670): CodeIgniter\Database\MySQLi\Connection->execute('SELECT * FROM `...')
#2 C:\laragon\www\anushapublishing\system\Database\BaseConnection.php(598): CodeIgniter\Database\BaseConnection->simpleQuery('SELECT * FROM `...')
#3 C:\laragon\www\anushapublishing\app\Controllers\Home.php(20): CodeIgniter\Database\BaseConnection->query('SELECT * FROM `...')
#4 C:\laragon\www\anushapublishing\system\CodeIgniter.php(832): App\Controllers\Home->index()
#5 C:\laragon\www\anushapublishing\system\CodeIgniter.php(419): CodeIgniter\CodeIgniter->runController(Object(App\Controllers\Home))
#6 C:\laragon\www\anushapublishing\system\CodeIgniter.php(326): CodeIgniter\CodeIgniter->handleRequest(NULL, Object(Config\Cache), false)
#7 C:\laragon\www\anushapublishing\public\index.php(37): CodeIgniter\CodeIgniter->run()
#8 {main}
CRITICAL - 2022-06-11 07:44:24 --> Undefined variable: product_thumbnail
#0 C:\laragon\www\anushapublishing\app\Views\client\home.php(194): CodeIgniter\Debug\Exceptions->errorHandler(8, 'Undefined varia...', 'C:\\laragon\\www\\...', 194, Array)
#1 C:\laragon\www\anushapublishing\system\View\View.php(210): include('C:\\laragon\\www\\...')
#2 C:\laragon\www\anushapublishing\system\View\View.php(213): CodeIgniter\View\View->CodeIgniter\View\{closure}()
#3 C:\laragon\www\anushapublishing\system\Common.php(1089): CodeIgniter\View\View->render('client/home', Array, true)
#4 C:\laragon\www\anushapublishing\app\Controllers\Home.php(23): view('client/home', Array)
#5 C:\laragon\www\anushapublishing\system\CodeIgniter.php(832): App\Controllers\Home->index()
#6 C:\laragon\www\anushapublishing\system\CodeIgniter.php(419): CodeIgniter\CodeIgniter->runController(Object(App\Controllers\Home))
#7 C:\laragon\www\anushapublishing\system\CodeIgniter.php(326): CodeIgniter\CodeIgniter->handleRequest(NULL, Object(Config\Cache), false)
#8 C:\laragon\www\anushapublishing\public\index.php(37): CodeIgniter\CodeIgniter->run()
#9 {main}
