CRITICAL - 2023-03-26 02:06:29 --> Undefined offset: 0
#0 /home/thinkbizzmarcom/montajpublishing.com/app/Controllers/Home.php(127): CodeIgniter\Debug\Exceptions->errorHandler(8, 'Undefined offse...', '/home/thinkbizz...', 127, Array)
#1 /home/thinkbizzmarcom/montajpublishing.com/system/CodeIgniter.php(832): App\Controllers\Home->blog('client_assets', 'js', 'components', 'hs.selectpicker...')
#2 /home/thinkbizzmarcom/montajpublishing.com/system/CodeIgniter.php(419): CodeIgniter\CodeIgniter->runController(Object(App\Controllers\Home))
#3 /home/thinkbizzmarcom/montajpublishing.com/system/CodeIgniter.php(326): CodeIgniter\CodeIgniter->handleRequest(NULL, Object(Config\Cache), false)
#4 /home/thinkbizzmarcom/montajpublishing.com/public/index.php(37): CodeIgniter\CodeIgniter->run()
#5 {main}
CRITICAL - 2023-03-26 02:06:29 --> Undefined offset: 0
#0 /home/thinkbizzmarcom/montajpublishing.com/app/Controllers/Home.php(127): CodeIgniter\Debug\Exceptions->errorHandler(8, 'Undefined offse...', '/home/thinkbizz...', 127, Array)
#1 /home/thinkbizzmarcom/montajpublishing.com/system/CodeIgniter.php(832): App\Controllers\Home->blog('client_assets', 'vendor', 'jquery-migrate', 'dist', 'jquery-migrate....')
#2 /home/thinkbizzmarcom/montajpublishing.com/system/CodeIgniter.php(419): CodeIgniter\CodeIgniter->runController(Object(App\Controllers\Home))
#3 /home/thinkbizzmarcom/montajpublishing.com/system/CodeIgniter.php(326): CodeIgniter\CodeIgniter->handleRequest(NULL, Object(Config\Cache), false)
#4 /home/thinkbizzmarcom/montajpublishing.com/public/index.php(37): CodeIgniter\CodeIgniter->run()
#5 {main}
CRITICAL - 2023-03-26 02:06:29 --> Undefined offset: 0
#0 /home/thinkbizzmarcom/montajpublishing.com/app/Controllers/Home.php(127): CodeIgniter\Debug\Exceptions->errorHandler(8, 'Undefined offse...', '/home/thinkbizz...', 127, Array)
#1 /home/thinkbizzmarcom/montajpublishing.com/system/CodeIgniter.php(832): App\Controllers\Home->blog('client_assets', 'vendor', 'bootstrap', 'bootstrap.min.j...')
#2 /home/thinkbizzmarcom/montajpublishing.com/system/CodeIgniter.php(419): CodeIgniter\CodeIgniter->runController(Object(App\Controllers\Home))
#3 /home/thinkbizzmarcom/montajpublishing.com/system/CodeIgniter.php(326): CodeIgniter\CodeIgniter->handleRequest(NULL, Object(Config\Cache), false)
#4 /home/thinkbizzmarcom/montajpublishing.com/public/index.php(37): CodeIgniter\CodeIgniter->run()
#5 {main}
CRITICAL - 2023-03-26 02:06:29 --> Undefined offset: 0
#0 /home/thinkbizzmarcom/montajpublishing.com/app/Controllers/Home.php(127): CodeIgniter\Debug\Exceptions->errorHandler(8, 'Undefined offse...', '/home/thinkbizz...', 127, Array)
#1 /home/thinkbizzmarcom/montajpublishing.com/system/CodeIgniter.php(832): App\Controllers\Home->blog('client_assets', 'vendor', 'jquery', 'dist', 'jquery.min.js')
#2 /home/thinkbizzmarcom/montajpublishing.com/system/CodeIgniter.php(419): CodeIgniter\CodeIgniter->runController(Object(App\Controllers\Home))
#3 /home/thinkbizzmarcom/montajpublishing.com/system/CodeIgniter.php(326): CodeIgniter\CodeIgniter->handleRequest(NULL, Object(Config\Cache), false)
#4 /home/thinkbizzmarcom/montajpublishing.com/public/index.php(37): CodeIgniter\CodeIgniter->run()
#5 {main}
CRITICAL - 2023-03-26 02:06:30 --> Undefined offset: 0
#0 /home/thinkbizzmarcom/montajpublishing.com/app/Controllers/Home.php(127): CodeIgniter\Debug\Exceptions->errorHandler(8, 'Undefined offse...', '/home/thinkbizz...', 127, Array)
#1 /home/thinkbizzmarcom/montajpublishing.com/system/CodeIgniter.php(832): App\Controllers\Home->blog('client_assets', 'vendor', 'malihu-custom-s...', 'jquery.mCustomS...')
#2 /home/thinkbizzmarcom/montajpublishing.com/system/CodeIgniter.php(419): CodeIgniter\CodeIgniter->runController(Object(App\Controllers\Home))
#3 /home/thinkbizzmarcom/montajpublishing.com/system/CodeIgniter.php(326): CodeIgniter\CodeIgniter->handleRequest(NULL, Object(Config\Cache), false)
#4 /home/thinkbizzmarcom/montajpublishing.com/public/index.php(37): CodeIgniter\CodeIgniter->run()
#5 {main}
CRITICAL - 2023-03-26 02:06:30 --> Undefined offset: 0
#0 /home/thinkbizzmarcom/montajpublishing.com/app/Controllers/Home.php(127): CodeIgniter\Debug\Exceptions->errorHandler(8, 'Undefined offse...', '/home/thinkbizz...', 127, Array)
#1 /home/thinkbizzmarcom/montajpublishing.com/system/CodeIgniter.php(832): App\Controllers\Home->blog('client_assets', 'js', 'components', 'hs.slick-carous...')
#2 /home/thinkbizzmarcom/montajpublishing.com/system/CodeIgniter.php(419): CodeIgniter\CodeIgniter->runController(Object(App\Controllers\Home))
#3 /home/thinkbizzmarcom/montajpublishing.com/system/CodeIgniter.php(326): CodeIgniter\CodeIgniter->handleRequest(NULL, Object(Config\Cache), false)
#4 /home/thinkbizzmarcom/montajpublishing.com/public/index.php(37): CodeIgniter\CodeIgniter->run()
#5 {main}
CRITICAL - 2023-03-26 02:06:30 --> Undefined offset: 0
#0 /home/thinkbizzmarcom/montajpublishing.com/app/Controllers/Home.php(127): CodeIgniter\Debug\Exceptions->errorHandler(8, 'Undefined offse...', '/home/thinkbizz...', 127, Array)
#1 /home/thinkbizzmarcom/montajpublishing.com/system/CodeIgniter.php(832): App\Controllers\Home->blog('client_assets', 'js', 'components', 'hs.malihu-scrol...')
#2 /home/thinkbizzmarcom/montajpublishing.com/system/CodeIgniter.php(419): CodeIgniter\CodeIgniter->runController(Object(App\Controllers\Home))
#3 /home/thinkbizzmarcom/montajpublishing.com/system/CodeIgniter.php(326): CodeIgniter\CodeIgniter->handleRequest(NULL, Object(Config\Cache), false)
#4 /home/thinkbizzmarcom/montajpublishing.com/public/index.php(37): CodeIgniter\CodeIgniter->run()
#5 {main}
CRITICAL - 2023-03-26 02:06:30 --> Undefined offset: 0
#0 /home/thinkbizzmarcom/montajpublishing.com/app/Controllers/Home.php(127): CodeIgniter\Debug\Exceptions->errorHandler(8, 'Undefined offse...', '/home/thinkbizz...', 127, Array)
#1 /home/thinkbizzmarcom/montajpublishing.com/system/CodeIgniter.php(832): App\Controllers\Home->blog('client_assets', 'vendor', 'bootstrap-selec...', 'dist', 'js', 'bootstrap-selec...')
#2 /home/thinkbizzmarcom/montajpublishing.com/system/CodeIgniter.php(419): CodeIgniter\CodeIgniter->runController(Object(App\Controllers\Home))
#3 /home/thinkbizzmarcom/montajpublishing.com/system/CodeIgniter.php(326): CodeIgniter\CodeIgniter->handleRequest(NULL, Object(Config\Cache), false)
#4 /home/thinkbizzmarcom/montajpublishing.com/public/index.php(37): CodeIgniter\CodeIgniter->run()
#5 {main}
CRITICAL - 2023-03-26 02:06:30 --> Undefined offset: 0
#0 /home/thinkbizzmarcom/montajpublishing.com/app/Controllers/Home.php(127): CodeIgniter\Debug\Exceptions->errorHandler(8, 'Undefined offse...', '/home/thinkbizz...', 127, Array)
#1 /home/thinkbizzmarcom/montajpublishing.com/system/CodeIgniter.php(832): App\Controllers\Home->blog('client_assets', 'js', 'components', 'hs.unfold.js')
#2 /home/thinkbizzmarcom/montajpublishing.com/system/CodeIgniter.php(419): CodeIgniter\CodeIgniter->runController(Object(App\Controllers\Home))
#3 /home/thinkbizzmarcom/montajpublishing.com/system/CodeIgniter.php(326): CodeIgniter\CodeIgniter->handleRequest(NULL, Object(Config\Cache), false)
#4 /home/thinkbizzmarcom/montajpublishing.com/public/index.php(37): CodeIgniter\CodeIgniter->run()
#5 {main}
CRITICAL - 2023-03-26 02:06:30 --> Undefined offset: 0
#0 /home/thinkbizzmarcom/montajpublishing.com/app/Controllers/Home.php(127): CodeIgniter\Debug\Exceptions->errorHandler(8, 'Undefined offse...', '/home/thinkbizz...', 127, Array)
#1 /home/thinkbizzmarcom/montajpublishing.com/system/CodeIgniter.php(832): App\Controllers\Home->blog('client_assets', 'vendor', 'multilevel-slid...', 'dist', 'jquery.zeynep.j...')
#2 /home/thinkbizzmarcom/montajpublishing.com/system/CodeIgniter.php(419): CodeIgniter\CodeIgniter->runController(Object(App\Controllers\Home))
#3 /home/thinkbizzmarcom/montajpublishing.com/system/CodeIgniter.php(326): CodeIgniter\CodeIgniter->handleRequest(NULL, Object(Config\Cache), false)
#4 /home/thinkbizzmarcom/montajpublishing.com/public/index.php(37): CodeIgniter\CodeIgniter->run()
#5 {main}
CRITICAL - 2023-03-26 02:06:30 --> Undefined offset: 0
#0 /home/thinkbizzmarcom/montajpublishing.com/app/Controllers/Home.php(127): CodeIgniter\Debug\Exceptions->errorHandler(8, 'Undefined offse...', '/home/thinkbizz...', 127, Array)
#1 /home/thinkbizzmarcom/montajpublishing.com/system/CodeIgniter.php(832): App\Controllers\Home->blog('client_assets', 'js', 'hs.core.js')
#2 /home/thinkbizzmarcom/montajpublishing.com/system/CodeIgniter.php(419): CodeIgniter\CodeIgniter->runController(Object(App\Controllers\Home))
#3 /home/thinkbizzmarcom/montajpublishing.com/system/CodeIgniter.php(326): CodeIgniter\CodeIgniter->handleRequest(NULL, Object(Config\Cache), false)
#4 /home/thinkbizzmarcom/montajpublishing.com/public/index.php(37): CodeIgniter\CodeIgniter->run()
#5 {main}
CRITICAL - 2023-03-26 02:06:30 --> Undefined offset: 0
#0 /home/thinkbizzmarcom/montajpublishing.com/app/Controllers/Home.php(127): CodeIgniter\Debug\Exceptions->errorHandler(8, 'Undefined offse...', '/home/thinkbizz...', 127, Array)
#1 /home/thinkbizzmarcom/montajpublishing.com/system/CodeIgniter.php(832): App\Controllers\Home->blog('client_assets', 'js', 'components', 'hs.show-animati...')
#2 /home/thinkbizzmarcom/montajpublishing.com/system/CodeIgniter.php(419): CodeIgniter\CodeIgniter->runController(Object(App\Controllers\Home))
#3 /home/thinkbizzmarcom/montajpublishing.com/system/CodeIgniter.php(326): CodeIgniter\CodeIgniter->handleRequest(NULL, Object(Config\Cache), false)
#4 /home/thinkbizzmarcom/montajpublishing.com/public/index.php(37): CodeIgniter\CodeIgniter->run()
#5 {main}
CRITICAL - 2023-03-26 02:06:30 --> Undefined offset: 0
#0 /home/thinkbizzmarcom/montajpublishing.com/app/Controllers/Home.php(127): CodeIgniter\Debug\Exceptions->errorHandler(8, 'Undefined offse...', '/home/thinkbizz...', 127, Array)
#1 /home/thinkbizzmarcom/montajpublishing.com/system/CodeIgniter.php(832): App\Controllers\Home->blog('client_assets', 'vendor', 'slick-carousel', 'slick', 'slick.min.js')
#2 /home/thinkbizzmarcom/montajpublishing.com/system/CodeIgniter.php(419): CodeIgniter\CodeIgniter->runController(Object(App\Controllers\Home))
#3 /home/thinkbizzmarcom/montajpublishing.com/system/CodeIgniter.php(326): CodeIgniter\CodeIgniter->handleRequest(NULL, Object(Config\Cache), false)
#4 /home/thinkbizzmarcom/montajpublishing.com/public/index.php(37): CodeIgniter\CodeIgniter->run()
#5 {main}
CRITICAL - 2023-03-26 02:06:30 --> Undefined offset: 0
#0 /home/thinkbizzmarcom/montajpublishing.com/app/Controllers/Home.php(127): CodeIgniter\Debug\Exceptions->errorHandler(8, 'Undefined offse...', '/home/thinkbizz...', 127, Array)
#1 /home/thinkbizzmarcom/montajpublishing.com/system/CodeIgniter.php(832): App\Controllers\Home->blog('client_assets', 'js', 'components', 'hs.header.js')
#2 /home/thinkbizzmarcom/montajpublishing.com/system/CodeIgniter.php(419): CodeIgniter\CodeIgniter->runController(Object(App\Controllers\Home))
#3 /home/thinkbizzmarcom/montajpublishing.com/system/CodeIgniter.php(326): CodeIgniter\CodeIgniter->handleRequest(NULL, Object(Config\Cache), false)
#4 /home/thinkbizzmarcom/montajpublishing.com/public/index.php(37): CodeIgniter\CodeIgniter->run()
#5 {main}
CRITICAL - 2023-03-26 02:06:30 --> Undefined offset: 0
#0 /home/thinkbizzmarcom/montajpublishing.com/app/Controllers/Home.php(127): CodeIgniter\Debug\Exceptions->errorHandler(8, 'Undefined offse...', '/home/thinkbizz...', 127, Array)
#1 /home/thinkbizzmarcom/montajpublishing.com/system/CodeIgniter.php(832): App\Controllers\Home->blog('client_assets', 'vendor', 'popper.js', 'dist', 'umd', 'popper.min.js')
#2 /home/thinkbizzmarcom/montajpublishing.com/system/CodeIgniter.php(419): CodeIgniter\CodeIgniter->runController(Object(App\Controllers\Home))
#3 /home/thinkbizzmarcom/montajpublishing.com/system/CodeIgniter.php(326): CodeIgniter\CodeIgniter->handleRequest(NULL, Object(Config\Cache), false)
#4 /home/thinkbizzmarcom/montajpublishing.com/public/index.php(37): CodeIgniter\CodeIgniter->run()
#5 {main}
CRITICAL - 2023-03-26 06:19:56 --> Undefined offset: 0
#0 /home/thinkbizzmarcom/montajpublishing.com/app/Controllers/Home.php(127): CodeIgniter\Debug\Exceptions->errorHandler(8, 'Undefined offse...', '/home/thinkbizz...', 127, Array)
#1 /home/thinkbizzmarcom/montajpublishing.com/system/CodeIgniter.php(832): App\Controllers\Home->blog('client_assets', 'js', 'components', 'hs.header.js')
#2 /home/thinkbizzmarcom/montajpublishing.com/system/CodeIgniter.php(419): CodeIgniter\CodeIgniter->runController(Object(App\Controllers\Home))
#3 /home/thinkbizzmarcom/montajpublishing.com/system/CodeIgniter.php(326): CodeIgniter\CodeIgniter->handleRequest(NULL, Object(Config\Cache), false)
#4 /home/thinkbizzmarcom/montajpublishing.com/public/index.php(37): CodeIgniter\CodeIgniter->run()
#5 {main}
CRITICAL - 2023-03-26 06:19:56 --> Undefined offset: 0
#0 /home/thinkbizzmarcom/montajpublishing.com/app/Controllers/Home.php(127): CodeIgniter\Debug\Exceptions->errorHandler(8, 'Undefined offse...', '/home/thinkbizz...', 127, Array)
#1 /home/thinkbizzmarcom/montajpublishing.com/system/CodeIgniter.php(832): App\Controllers\Home->blog('client_assets', 'vendor', 'slick-carousel', 'slick', 'slick.min.js')
#2 /home/thinkbizzmarcom/montajpublishing.com/system/CodeIgniter.php(419): CodeIgniter\CodeIgniter->runController(Object(App\Controllers\Home))
#3 /home/thinkbizzmarcom/montajpublishing.com/system/CodeIgniter.php(326): CodeIgniter\CodeIgniter->handleRequest(NULL, Object(Config\Cache), false)
#4 /home/thinkbizzmarcom/montajpublishing.com/public/index.php(37): CodeIgniter\CodeIgniter->run()
#5 {main}
CRITICAL - 2023-03-26 06:19:57 --> Undefined offset: 0
#0 /home/thinkbizzmarcom/montajpublishing.com/app/Controllers/Home.php(127): CodeIgniter\Debug\Exceptions->errorHandler(8, 'Undefined offse...', '/home/thinkbizz...', 127, Array)
#1 /home/thinkbizzmarcom/montajpublishing.com/system/CodeIgniter.php(832): App\Controllers\Home->blog('client_assets', 'js', 'components', 'hs.selectpicker...')
#2 /home/thinkbizzmarcom/montajpublishing.com/system/CodeIgniter.php(419): CodeIgniter\CodeIgniter->runController(Object(App\Controllers\Home))
#3 /home/thinkbizzmarcom/montajpublishing.com/system/CodeIgniter.php(326): CodeIgniter\CodeIgniter->handleRequest(NULL, Object(Config\Cache), false)
#4 /home/thinkbizzmarcom/montajpublishing.com/public/index.php(37): CodeIgniter\CodeIgniter->run()
#5 {main}
CRITICAL - 2023-03-26 06:19:57 --> Undefined offset: 0
#0 /home/thinkbizzmarcom/montajpublishing.com/app/Controllers/Home.php(127): CodeIgniter\Debug\Exceptions->errorHandler(8, 'Undefined offse...', '/home/thinkbizz...', 127, Array)
#1 /home/thinkbizzmarcom/montajpublishing.com/system/CodeIgniter.php(832): App\Controllers\Home->blog('client_assets', 'vendor', 'popper.js', 'dist', 'umd', 'popper.min.js')
#2 /home/thinkbizzmarcom/montajpublishing.com/system/CodeIgniter.php(419): CodeIgniter\CodeIgniter->runController(Object(App\Controllers\Home))
#3 /home/thinkbizzmarcom/montajpublishing.com/system/CodeIgniter.php(326): CodeIgniter\CodeIgniter->handleRequest(NULL, Object(Config\Cache), false)
#4 /home/thinkbizzmarcom/montajpublishing.com/public/index.php(37): CodeIgniter\CodeIgniter->run()
#5 {main}
CRITICAL - 2023-03-26 06:19:57 --> Undefined offset: 0
#0 /home/thinkbizzmarcom/montajpublishing.com/app/Controllers/Home.php(127): CodeIgniter\Debug\Exceptions->errorHandler(8, 'Undefined offse...', '/home/thinkbizz...', 127, Array)
#1 /home/thinkbizzmarcom/montajpublishing.com/system/CodeIgniter.php(832): App\Controllers\Home->blog('client_assets', 'js', 'components', 'hs.malihu-scrol...')
#2 /home/thinkbizzmarcom/montajpublishing.com/system/CodeIgniter.php(419): CodeIgniter\CodeIgniter->runController(Object(App\Controllers\Home))
#3 /home/thinkbizzmarcom/montajpublishing.com/system/CodeIgniter.php(326): CodeIgniter\CodeIgniter->handleRequest(NULL, Object(Config\Cache), false)
#4 /home/thinkbizzmarcom/montajpublishing.com/public/index.php(37): CodeIgniter\CodeIgniter->run()
#5 {main}
CRITICAL - 2023-03-26 06:19:57 --> Undefined offset: 0
#0 /home/thinkbizzmarcom/montajpublishing.com/app/Controllers/Home.php(127): CodeIgniter\Debug\Exceptions->errorHandler(8, 'Undefined offse...', '/home/thinkbizz...', 127, Array)
#1 /home/thinkbizzmarcom/montajpublishing.com/system/CodeIgniter.php(832): App\Controllers\Home->blog('client_assets', 'js', 'components', 'hs.unfold.js')
#2 /home/thinkbizzmarcom/montajpublishing.com/system/CodeIgniter.php(419): CodeIgniter\CodeIgniter->runController(Object(App\Controllers\Home))
#3 /home/thinkbizzmarcom/montajpublishing.com/system/CodeIgniter.php(326): CodeIgniter\CodeIgniter->handleRequest(NULL, Object(Config\Cache), false)
#4 /home/thinkbizzmarcom/montajpublishing.com/public/index.php(37): CodeIgniter\CodeIgniter->run()
#5 {main}
CRITICAL - 2023-03-26 06:19:57 --> Undefined offset: 0
#0 /home/thinkbizzmarcom/montajpublishing.com/app/Controllers/Home.php(127): CodeIgniter\Debug\Exceptions->errorHandler(8, 'Undefined offse...', '/home/thinkbizz...', 127, Array)
#1 /home/thinkbizzmarcom/montajpublishing.com/system/CodeIgniter.php(832): App\Controllers\Home->blog('client_assets', 'vendor', 'bootstrap', 'bootstrap.min.j...')
#2 /home/thinkbizzmarcom/montajpublishing.com/system/CodeIgniter.php(419): CodeIgniter\CodeIgniter->runController(Object(App\Controllers\Home))
#3 /home/thinkbizzmarcom/montajpublishing.com/system/CodeIgniter.php(326): CodeIgniter\CodeIgniter->handleRequest(NULL, Object(Config\Cache), false)
#4 /home/thinkbizzmarcom/montajpublishing.com/public/index.php(37): CodeIgniter\CodeIgniter->run()
#5 {main}
CRITICAL - 2023-03-26 06:19:57 --> Undefined offset: 0
#0 /home/thinkbizzmarcom/montajpublishing.com/app/Controllers/Home.php(127): CodeIgniter\Debug\Exceptions->errorHandler(8, 'Undefined offse...', '/home/thinkbizz...', 127, Array)
#1 /home/thinkbizzmarcom/montajpublishing.com/system/CodeIgniter.php(832): App\Controllers\Home->blog('client_assets', 'js', 'components', 'hs.slick-carous...')
#2 /home/thinkbizzmarcom/montajpublishing.com/system/CodeIgniter.php(419): CodeIgniter\CodeIgniter->runController(Object(App\Controllers\Home))
#3 /home/thinkbizzmarcom/montajpublishing.com/system/CodeIgniter.php(326): CodeIgniter\CodeIgniter->handleRequest(NULL, Object(Config\Cache), false)
#4 /home/thinkbizzmarcom/montajpublishing.com/public/index.php(37): CodeIgniter\CodeIgniter->run()
#5 {main}
CRITICAL - 2023-03-26 06:19:57 --> Undefined offset: 0
#0 /home/thinkbizzmarcom/montajpublishing.com/app/Controllers/Home.php(127): CodeIgniter\Debug\Exceptions->errorHandler(8, 'Undefined offse...', '/home/thinkbizz...', 127, Array)
#1 /home/thinkbizzmarcom/montajpublishing.com/system/CodeIgniter.php(832): App\Controllers\Home->blog('client_assets', 'vendor', 'multilevel-slid...', 'dist', 'jquery.zeynep.j...')
#2 /home/thinkbizzmarcom/montajpublishing.com/system/CodeIgniter.php(419): CodeIgniter\CodeIgniter->runController(Object(App\Controllers\Home))
#3 /home/thinkbizzmarcom/montajpublishing.com/system/CodeIgniter.php(326): CodeIgniter\CodeIgniter->handleRequest(NULL, Object(Config\Cache), false)
#4 /home/thinkbizzmarcom/montajpublishing.com/public/index.php(37): CodeIgniter\CodeIgniter->run()
#5 {main}
CRITICAL - 2023-03-26 06:19:57 --> Undefined offset: 0
#0 /home/thinkbizzmarcom/montajpublishing.com/app/Controllers/Home.php(127): CodeIgniter\Debug\Exceptions->errorHandler(8, 'Undefined offse...', '/home/thinkbizz...', 127, Array)
#1 /home/thinkbizzmarcom/montajpublishing.com/system/CodeIgniter.php(832): App\Controllers\Home->blog('client_assets', 'js', 'components', 'hs.show-animati...')
#2 /home/thinkbizzmarcom/montajpublishing.com/system/CodeIgniter.php(419): CodeIgniter\CodeIgniter->runController(Object(App\Controllers\Home))
#3 /home/thinkbizzmarcom/montajpublishing.com/system/CodeIgniter.php(326): CodeIgniter\CodeIgniter->handleRequest(NULL, Object(Config\Cache), false)
#4 /home/thinkbizzmarcom/montajpublishing.com/public/index.php(37): CodeIgniter\CodeIgniter->run()
#5 {main}
CRITICAL - 2023-03-26 06:19:57 --> Undefined offset: 0
#0 /home/thinkbizzmarcom/montajpublishing.com/app/Controllers/Home.php(127): CodeIgniter\Debug\Exceptions->errorHandler(8, 'Undefined offse...', '/home/thinkbizz...', 127, Array)
#1 /home/thinkbizzmarcom/montajpublishing.com/system/CodeIgniter.php(832): App\Controllers\Home->blog('client_assets', 'vendor', 'jquery-migrate', 'dist', 'jquery-migrate....')
#2 /home/thinkbizzmarcom/montajpublishing.com/system/CodeIgniter.php(419): CodeIgniter\CodeIgniter->runController(Object(App\Controllers\Home))
#3 /home/thinkbizzmarcom/montajpublishing.com/system/CodeIgniter.php(326): CodeIgniter\CodeIgniter->handleRequest(NULL, Object(Config\Cache), false)
#4 /home/thinkbizzmarcom/montajpublishing.com/public/index.php(37): CodeIgniter\CodeIgniter->run()
#5 {main}
CRITICAL - 2023-03-26 06:19:57 --> Undefined offset: 0
#0 /home/thinkbizzmarcom/montajpublishing.com/app/Controllers/Home.php(127): CodeIgniter\Debug\Exceptions->errorHandler(8, 'Undefined offse...', '/home/thinkbizz...', 127, Array)
#1 /home/thinkbizzmarcom/montajpublishing.com/system/CodeIgniter.php(832): App\Controllers\Home->blog('client_assets', 'js', 'hs.core.js')
#2 /home/thinkbizzmarcom/montajpublishing.com/system/CodeIgniter.php(419): CodeIgniter\CodeIgniter->runController(Object(App\Controllers\Home))
#3 /home/thinkbizzmarcom/montajpublishing.com/system/CodeIgniter.php(326): CodeIgniter\CodeIgniter->handleRequest(NULL, Object(Config\Cache), false)
#4 /home/thinkbizzmarcom/montajpublishing.com/public/index.php(37): CodeIgniter\CodeIgniter->run()
#5 {main}
CRITICAL - 2023-03-26 06:19:57 --> Undefined offset: 0
#0 /home/thinkbizzmarcom/montajpublishing.com/app/Controllers/Home.php(127): CodeIgniter\Debug\Exceptions->errorHandler(8, 'Undefined offse...', '/home/thinkbizz...', 127, Array)
#1 /home/thinkbizzmarcom/montajpublishing.com/system/CodeIgniter.php(832): App\Controllers\Home->blog('client_assets', 'vendor', 'bootstrap-selec...', 'dist', 'js', 'bootstrap-selec...')
#2 /home/thinkbizzmarcom/montajpublishing.com/system/CodeIgniter.php(419): CodeIgniter\CodeIgniter->runController(Object(App\Controllers\Home))
#3 /home/thinkbizzmarcom/montajpublishing.com/system/CodeIgniter.php(326): CodeIgniter\CodeIgniter->handleRequest(NULL, Object(Config\Cache), false)
#4 /home/thinkbizzmarcom/montajpublishing.com/public/index.php(37): CodeIgniter\CodeIgniter->run()
#5 {main}
CRITICAL - 2023-03-26 06:19:57 --> Undefined offset: 0
#0 /home/thinkbizzmarcom/montajpublishing.com/app/Controllers/Home.php(127): CodeIgniter\Debug\Exceptions->errorHandler(8, 'Undefined offse...', '/home/thinkbizz...', 127, Array)
#1 /home/thinkbizzmarcom/montajpublishing.com/system/CodeIgniter.php(832): App\Controllers\Home->blog('client_assets', 'vendor', 'jquery', 'dist', 'jquery.min.js')
#2 /home/thinkbizzmarcom/montajpublishing.com/system/CodeIgniter.php(419): CodeIgniter\CodeIgniter->runController(Object(App\Controllers\Home))
#3 /home/thinkbizzmarcom/montajpublishing.com/system/CodeIgniter.php(326): CodeIgniter\CodeIgniter->handleRequest(NULL, Object(Config\Cache), false)
#4 /home/thinkbizzmarcom/montajpublishing.com/public/index.php(37): CodeIgniter\CodeIgniter->run()
#5 {main}
CRITICAL - 2023-03-26 06:19:57 --> Undefined offset: 0
#0 /home/thinkbizzmarcom/montajpublishing.com/app/Controllers/Home.php(127): CodeIgniter\Debug\Exceptions->errorHandler(8, 'Undefined offse...', '/home/thinkbizz...', 127, Array)
#1 /home/thinkbizzmarcom/montajpublishing.com/system/CodeIgniter.php(832): App\Controllers\Home->blog('client_assets', 'vendor', 'malihu-custom-s...', 'jquery.mCustomS...')
#2 /home/thinkbizzmarcom/montajpublishing.com/system/CodeIgniter.php(419): CodeIgniter\CodeIgniter->runController(Object(App\Controllers\Home))
#3 /home/thinkbizzmarcom/montajpublishing.com/system/CodeIgniter.php(326): CodeIgniter\CodeIgniter->handleRequest(NULL, Object(Config\Cache), false)
#4 /home/thinkbizzmarcom/montajpublishing.com/public/index.php(37): CodeIgniter\CodeIgniter->run()
#5 {main}
CRITICAL - 2023-03-26 10:59:21 --> Undefined offset: 0
#0 /home/thinkbizzmarcom/montajpublishing.com/app/Controllers/Home.php(127): CodeIgniter\Debug\Exceptions->errorHandler(8, 'Undefined offse...', '/home/thinkbizz...', 127, Array)
#1 /home/thinkbizzmarcom/montajpublishing.com/system/CodeIgniter.php(832): App\Controllers\Home->blog('client_assets', 'js', 'components', 'hs.header.js')
#2 /home/thinkbizzmarcom/montajpublishing.com/system/CodeIgniter.php(419): CodeIgniter\CodeIgniter->runController(Object(App\Controllers\Home))
#3 /home/thinkbizzmarcom/montajpublishing.com/system/CodeIgniter.php(326): CodeIgniter\CodeIgniter->handleRequest(NULL, Object(Config\Cache), false)
#4 /home/thinkbizzmarcom/montajpublishing.com/public/index.php(37): CodeIgniter\CodeIgniter->run()
#5 {main}
CRITICAL - 2023-03-26 10:59:22 --> Undefined offset: 0
#0 /home/thinkbizzmarcom/montajpublishing.com/app/Controllers/Home.php(127): CodeIgniter\Debug\Exceptions->errorHandler(8, 'Undefined offse...', '/home/thinkbizz...', 127, Array)
#1 /home/thinkbizzmarcom/montajpublishing.com/system/CodeIgniter.php(832): App\Controllers\Home->blog('client_assets', 'js', 'components', 'hs.malihu-scrol...')
#2 /home/thinkbizzmarcom/montajpublishing.com/system/CodeIgniter.php(419): CodeIgniter\CodeIgniter->runController(Object(App\Controllers\Home))
#3 /home/thinkbizzmarcom/montajpublishing.com/system/CodeIgniter.php(326): CodeIgniter\CodeIgniter->handleRequest(NULL, Object(Config\Cache), false)
#4 /home/thinkbizzmarcom/montajpublishing.com/public/index.php(37): CodeIgniter\CodeIgniter->run()
#5 {main}
CRITICAL - 2023-03-26 10:59:22 --> Undefined offset: 0
#0 /home/thinkbizzmarcom/montajpublishing.com/app/Controllers/Home.php(127): CodeIgniter\Debug\Exceptions->errorHandler(8, 'Undefined offse...', '/home/thinkbizz...', 127, Array)
#1 /home/thinkbizzmarcom/montajpublishing.com/system/CodeIgniter.php(832): App\Controllers\Home->blog('client_assets', 'js', 'components', 'hs.selectpicker...')
#2 /home/thinkbizzmarcom/montajpublishing.com/system/CodeIgniter.php(419): CodeIgniter\CodeIgniter->runController(Object(App\Controllers\Home))
#3 /home/thinkbizzmarcom/montajpublishing.com/system/CodeIgniter.php(326): CodeIgniter\CodeIgniter->handleRequest(NULL, Object(Config\Cache), false)
#4 /home/thinkbizzmarcom/montajpublishing.com/public/index.php(37): CodeIgniter\CodeIgniter->run()
#5 {main}
CRITICAL - 2023-03-26 10:59:22 --> Undefined offset: 0
#0 /home/thinkbizzmarcom/montajpublishing.com/app/Controllers/Home.php(127): CodeIgniter\Debug\Exceptions->errorHandler(8, 'Undefined offse...', '/home/thinkbizz...', 127, Array)
#1 /home/thinkbizzmarcom/montajpublishing.com/system/CodeIgniter.php(832): App\Controllers\Home->blog('client_assets', 'js', 'components', 'hs.show-animati...')
#2 /home/thinkbizzmarcom/montajpublishing.com/system/CodeIgniter.php(419): CodeIgniter\CodeIgniter->runController(Object(App\Controllers\Home))
#3 /home/thinkbizzmarcom/montajpublishing.com/system/CodeIgniter.php(326): CodeIgniter\CodeIgniter->handleRequest(NULL, Object(Config\Cache), false)
#4 /home/thinkbizzmarcom/montajpublishing.com/public/index.php(37): CodeIgniter\CodeIgniter->run()
#5 {main}
CRITICAL - 2023-03-26 10:59:22 --> Undefined offset: 0
#0 /home/thinkbizzmarcom/montajpublishing.com/app/Controllers/Home.php(127): CodeIgniter\Debug\Exceptions->errorHandler(8, 'Undefined offse...', '/home/thinkbizz...', 127, Array)
#1 /home/thinkbizzmarcom/montajpublishing.com/system/CodeIgniter.php(832): App\Controllers\Home->blog('client_assets', 'vendor', 'bootstrap', 'bootstrap.min.j...')
#2 /home/thinkbizzmarcom/montajpublishing.com/system/CodeIgniter.php(419): CodeIgniter\CodeIgniter->runController(Object(App\Controllers\Home))
#3 /home/thinkbizzmarcom/montajpublishing.com/system/CodeIgniter.php(326): CodeIgniter\CodeIgniter->handleRequest(NULL, Object(Config\Cache), false)
#4 /home/thinkbizzmarcom/montajpublishing.com/public/index.php(37): CodeIgniter\CodeIgniter->run()
#5 {main}
CRITICAL - 2023-03-26 10:59:22 --> Undefined offset: 0
#0 /home/thinkbizzmarcom/montajpublishing.com/app/Controllers/Home.php(127): CodeIgniter\Debug\Exceptions->errorHandler(8, 'Undefined offse...', '/home/thinkbizz...', 127, Array)
#1 /home/thinkbizzmarcom/montajpublishing.com/system/CodeIgniter.php(832): App\Controllers\Home->blog('client_assets', 'js', 'components', 'hs.unfold.js')
#2 /home/thinkbizzmarcom/montajpublishing.com/system/CodeIgniter.php(419): CodeIgniter\CodeIgniter->runController(Object(App\Controllers\Home))
#3 /home/thinkbizzmarcom/montajpublishing.com/system/CodeIgniter.php(326): CodeIgniter\CodeIgniter->handleRequest(NULL, Object(Config\Cache), false)
#4 /home/thinkbizzmarcom/montajpublishing.com/public/index.php(37): CodeIgniter\CodeIgniter->run()
#5 {main}
CRITICAL - 2023-03-26 10:59:22 --> Undefined offset: 0
#0 /home/thinkbizzmarcom/montajpublishing.com/app/Controllers/Home.php(127): CodeIgniter\Debug\Exceptions->errorHandler(8, 'Undefined offse...', '/home/thinkbizz...', 127, Array)
#1 /home/thinkbizzmarcom/montajpublishing.com/system/CodeIgniter.php(832): App\Controllers\Home->blog('client_assets', 'vendor', 'multilevel-slid...', 'dist', 'jquery.zeynep.j...')
#2 /home/thinkbizzmarcom/montajpublishing.com/system/CodeIgniter.php(419): CodeIgniter\CodeIgniter->runController(Object(App\Controllers\Home))
#3 /home/thinkbizzmarcom/montajpublishing.com/system/CodeIgniter.php(326): CodeIgniter\CodeIgniter->handleRequest(NULL, Object(Config\Cache), false)
#4 /home/thinkbizzmarcom/montajpublishing.com/public/index.php(37): CodeIgniter\CodeIgniter->run()
#5 {main}
CRITICAL - 2023-03-26 10:59:22 --> Undefined offset: 0
#0 /home/thinkbizzmarcom/montajpublishing.com/app/Controllers/Home.php(127): CodeIgniter\Debug\Exceptions->errorHandler(8, 'Undefined offse...', '/home/thinkbizz...', 127, Array)
#1 /home/thinkbizzmarcom/montajpublishing.com/system/CodeIgniter.php(832): App\Controllers\Home->blog('client_assets', 'js', 'hs.core.js')
#2 /home/thinkbizzmarcom/montajpublishing.com/system/CodeIgniter.php(419): CodeIgniter\CodeIgniter->runController(Object(App\Controllers\Home))
#3 /home/thinkbizzmarcom/montajpublishing.com/system/CodeIgniter.php(326): CodeIgniter\CodeIgniter->handleRequest(NULL, Object(Config\Cache), false)
#4 /home/thinkbizzmarcom/montajpublishing.com/public/index.php(37): CodeIgniter\CodeIgniter->run()
#5 {main}
CRITICAL - 2023-03-26 10:59:22 --> Undefined offset: 0
#0 /home/thinkbizzmarcom/montajpublishing.com/app/Controllers/Home.php(127): CodeIgniter\Debug\Exceptions->errorHandler(8, 'Undefined offse...', '/home/thinkbizz...', 127, Array)
#1 /home/thinkbizzmarcom/montajpublishing.com/system/CodeIgniter.php(832): App\Controllers\Home->blog('client_assets', 'vendor', 'slick-carousel', 'slick', 'slick.min.js')
#2 /home/thinkbizzmarcom/montajpublishing.com/system/CodeIgniter.php(419): CodeIgniter\CodeIgniter->runController(Object(App\Controllers\Home))
#3 /home/thinkbizzmarcom/montajpublishing.com/system/CodeIgniter.php(326): CodeIgniter\CodeIgniter->handleRequest(NULL, Object(Config\Cache), false)
#4 /home/thinkbizzmarcom/montajpublishing.com/public/index.php(37): CodeIgniter\CodeIgniter->run()
#5 {main}
CRITICAL - 2023-03-26 10:59:22 --> Undefined offset: 0
#0 /home/thinkbizzmarcom/montajpublishing.com/app/Controllers/Home.php(127): CodeIgniter\Debug\Exceptions->errorHandler(8, 'Undefined offse...', '/home/thinkbizz...', 127, Array)
#1 /home/thinkbizzmarcom/montajpublishing.com/system/CodeIgniter.php(832): App\Controllers\Home->blog('client_assets', 'vendor', 'jquery', 'dist', 'jquery.min.js')
#2 /home/thinkbizzmarcom/montajpublishing.com/system/CodeIgniter.php(419): CodeIgniter\CodeIgniter->runController(Object(App\Controllers\Home))
#3 /home/thinkbizzmarcom/montajpublishing.com/system/CodeIgniter.php(326): CodeIgniter\CodeIgniter->handleRequest(NULL, Object(Config\Cache), false)
#4 /home/thinkbizzmarcom/montajpublishing.com/public/index.php(37): CodeIgniter\CodeIgniter->run()
#5 {main}
CRITICAL - 2023-03-26 10:59:22 --> Undefined offset: 0
#0 /home/thinkbizzmarcom/montajpublishing.com/app/Controllers/Home.php(127): CodeIgniter\Debug\Exceptions->errorHandler(8, 'Undefined offse...', '/home/thinkbizz...', 127, Array)
#1 /home/thinkbizzmarcom/montajpublishing.com/system/CodeIgniter.php(832): App\Controllers\Home->blog('client_assets', 'vendor', 'jquery-migrate', 'dist', 'jquery-migrate....')
#2 /home/thinkbizzmarcom/montajpublishing.com/system/CodeIgniter.php(419): CodeIgniter\CodeIgniter->runController(Object(App\Controllers\Home))
#3 /home/thinkbizzmarcom/montajpublishing.com/system/CodeIgniter.php(326): CodeIgniter\CodeIgniter->handleRequest(NULL, Object(Config\Cache), false)
#4 /home/thinkbizzmarcom/montajpublishing.com/public/index.php(37): CodeIgniter\CodeIgniter->run()
#5 {main}
CRITICAL - 2023-03-26 10:59:22 --> Undefined offset: 0
#0 /home/thinkbizzmarcom/montajpublishing.com/app/Controllers/Home.php(127): CodeIgniter\Debug\Exceptions->errorHandler(8, 'Undefined offse...', '/home/thinkbizz...', 127, Array)
#1 /home/thinkbizzmarcom/montajpublishing.com/system/CodeIgniter.php(832): App\Controllers\Home->blog('client_assets', 'vendor', 'bootstrap-selec...', 'dist', 'js', 'bootstrap-selec...')
#2 /home/thinkbizzmarcom/montajpublishing.com/system/CodeIgniter.php(419): CodeIgniter\CodeIgniter->runController(Object(App\Controllers\Home))
#3 /home/thinkbizzmarcom/montajpublishing.com/system/CodeIgniter.php(326): CodeIgniter\CodeIgniter->handleRequest(NULL, Object(Config\Cache), false)
#4 /home/thinkbizzmarcom/montajpublishing.com/public/index.php(37): CodeIgniter\CodeIgniter->run()
#5 {main}
CRITICAL - 2023-03-26 10:59:22 --> Undefined offset: 0
#0 /home/thinkbizzmarcom/montajpublishing.com/app/Controllers/Home.php(127): CodeIgniter\Debug\Exceptions->errorHandler(8, 'Undefined offse...', '/home/thinkbizz...', 127, Array)
#1 /home/thinkbizzmarcom/montajpublishing.com/system/CodeIgniter.php(832): App\Controllers\Home->blog('client_assets', 'js', 'components', 'hs.slick-carous...')
#2 /home/thinkbizzmarcom/montajpublishing.com/system/CodeIgniter.php(419): CodeIgniter\CodeIgniter->runController(Object(App\Controllers\Home))
#3 /home/thinkbizzmarcom/montajpublishing.com/system/CodeIgniter.php(326): CodeIgniter\CodeIgniter->handleRequest(NULL, Object(Config\Cache), false)
#4 /home/thinkbizzmarcom/montajpublishing.com/public/index.php(37): CodeIgniter\CodeIgniter->run()
#5 {main}
CRITICAL - 2023-03-26 10:59:22 --> Undefined offset: 0
#0 /home/thinkbizzmarcom/montajpublishing.com/app/Controllers/Home.php(127): CodeIgniter\Debug\Exceptions->errorHandler(8, 'Undefined offse...', '/home/thinkbizz...', 127, Array)
#1 /home/thinkbizzmarcom/montajpublishing.com/system/CodeIgniter.php(832): App\Controllers\Home->blog('client_assets', 'vendor', 'malihu-custom-s...', 'jquery.mCustomS...')
#2 /home/thinkbizzmarcom/montajpublishing.com/system/CodeIgniter.php(419): CodeIgniter\CodeIgniter->runController(Object(App\Controllers\Home))
#3 /home/thinkbizzmarcom/montajpublishing.com/system/CodeIgniter.php(326): CodeIgniter\CodeIgniter->handleRequest(NULL, Object(Config\Cache), false)
#4 /home/thinkbizzmarcom/montajpublishing.com/public/index.php(37): CodeIgniter\CodeIgniter->run()
#5 {main}
CRITICAL - 2023-03-26 10:59:22 --> Undefined offset: 0
#0 /home/thinkbizzmarcom/montajpublishing.com/app/Controllers/Home.php(127): CodeIgniter\Debug\Exceptions->errorHandler(8, 'Undefined offse...', '/home/thinkbizz...', 127, Array)
#1 /home/thinkbizzmarcom/montajpublishing.com/system/CodeIgniter.php(832): App\Controllers\Home->blog('client_assets', 'vendor', 'popper.js', 'dist', 'umd', 'popper.min.js')
#2 /home/thinkbizzmarcom/montajpublishing.com/system/CodeIgniter.php(419): CodeIgniter\CodeIgniter->runController(Object(App\Controllers\Home))
#3 /home/thinkbizzmarcom/montajpublishing.com/system/CodeIgniter.php(326): CodeIgniter\CodeIgniter->handleRequest(NULL, Object(Config\Cache), false)
#4 /home/thinkbizzmarcom/montajpublishing.com/public/index.php(37): CodeIgniter\CodeIgniter->run()
#5 {main}
CRITICAL - 2023-03-26 11:14:03 --> Undefined offset: 0
#0 /home/thinkbizzmarcom/montajpublishing.com/app/Controllers/Home.php(127): CodeIgniter\Debug\Exceptions->errorHandler(8, 'Undefined offse...', '/home/thinkbizz...', 127, Array)
#1 /home/thinkbizzmarcom/montajpublishing.com/system/CodeIgniter.php(832): App\Controllers\Home->blog('wp-includes', 'wlwmanifest.xml')
#2 /home/thinkbizzmarcom/montajpublishing.com/system/CodeIgniter.php(419): CodeIgniter\CodeIgniter->runController(Object(App\Controllers\Home))
#3 /home/thinkbizzmarcom/montajpublishing.com/system/CodeIgniter.php(326): CodeIgniter\CodeIgniter->handleRequest(NULL, Object(Config\Cache), false)
#4 /home/thinkbizzmarcom/montajpublishing.com/public/index.php(37): CodeIgniter\CodeIgniter->run()
#5 {main}
CRITICAL - 2023-03-26 23:26:15 --> Undefined offset: 0
#0 /home/thinkbizzmarcom/montajpublishing.com/app/Controllers/Home.php(127): CodeIgniter\Debug\Exceptions->errorHandler(8, 'Undefined offse...', '/home/thinkbizz...', 127, Array)
#1 /home/thinkbizzmarcom/montajpublishing.com/system/CodeIgniter.php(832): App\Controllers\Home->blog('\xC3\xA0\xC2\xA6\xC2\xB0\xC3\xA0\xC2\xA6\xC2\xA5\xC3\xA0\xC2...')
#2 /home/thinkbizzmarcom/montajpublishing.com/system/CodeIgniter.php(419): CodeIgniter\CodeIgniter->runController(Object(App\Controllers\Home))
#3 /home/thinkbizzmarcom/montajpublishing.com/system/CodeIgniter.php(326): CodeIgniter\CodeIgniter->handleRequest(NULL, Object(Config\Cache), false)
#4 /home/thinkbizzmarcom/montajpublishing.com/public/index.php(37): CodeIgniter\CodeIgniter->run()
#5 {main}
