CRITICAL - 2022-06-03 01:47:58 --> auth filter must have a matching alias defined.
#0 C:\laragon\www\anushapublishing\system\Filters\Filters.php(340): CodeIgniter\Filters\Exceptions\FilterException::forNoAlias('auth')
#1 C:\laragon\www\anushapublishing\system\CodeIgniter.php(384): CodeIgniter\Filters\Filters->enableFilter('auth', 'before')
#2 C:\laragon\www\anushapublishing\system\CodeIgniter.php(326): CodeIgniter\CodeIgniter->handleRequest(NULL, Object(Config\Cache), false)
#3 C:\laragon\www\anushapublishing\public\index.php(37): CodeIgniter\CodeIgniter->run()
#4 {main}
CRITICAL - 2022-06-03 05:26:46 --> Invalid file: admin/category.php
#0 C:\laragon\www\anushapublishing\system\View\View.php(198): CodeIgniter\Exceptions\FrameworkException::forInvalidFile('admin/category....')
#1 C:\laragon\www\anushapublishing\system\Common.php(1089): CodeIgniter\View\View->render('admin/category', Array, true)
#2 C:\laragon\www\anushapublishing\app\Controllers\Admin.php(134): view('admin/category', Array)
#3 C:\laragon\www\anushapublishing\system\CodeIgniter.php(832): App\Controllers\Admin->blogCategory()
#4 C:\laragon\www\anushapublishing\system\CodeIgniter.php(419): CodeIgniter\CodeIgniter->runController(Object(App\Controllers\Admin))
#5 C:\laragon\www\anushapublishing\system\CodeIgniter.php(326): CodeIgniter\CodeIgniter->handleRequest(NULL, Object(Config\Cache), false)
#6 C:\laragon\www\anushapublishing\public\index.php(37): CodeIgniter\CodeIgniter->run()
#7 {main}
CRITICAL - 2022-06-03 05:31:49 --> Too few arguments to function App\Controllers\Admin::deleteBlogCategory(), 0 passed in C:\laragon\www\anushapublishing\system\CodeIgniter.php on line 832 and exactly 1 expected
#0 C:\laragon\www\anushapublishing\system\CodeIgniter.php(832): App\Controllers\Admin->deleteBlogCategory()
#1 C:\laragon\www\anushapublishing\system\CodeIgniter.php(419): CodeIgniter\CodeIgniter->runController(Object(App\Controllers\Admin))
#2 C:\laragon\www\anushapublishing\system\CodeIgniter.php(326): CodeIgniter\CodeIgniter->handleRequest(NULL, Object(Config\Cache), false)
#3 C:\laragon\www\anushapublishing\public\index.php(37): CodeIgniter\CodeIgniter->run()
#4 {main}
CRITICAL - 2022-06-03 07:32:05 --> Invalid file: /components/header.php
#0 C:\laragon\www\anushapublishing\system\View\View.php(198): CodeIgniter\Exceptions\FrameworkException::forInvalidFile('/components/hea...')
#1 C:\laragon\www\anushapublishing\system\View\View.php(424): CodeIgniter\View\View->render('/components/hea...', NULL, true)
#2 C:\laragon\www\anushapublishing\app\Views\client\home.php(21): CodeIgniter\View\View->include('/components/hea...')
#3 C:\laragon\www\anushapublishing\system\View\View.php(210): include('C:\\laragon\\www\\...')
#4 C:\laragon\www\anushapublishing\system\View\View.php(213): CodeIgniter\View\View->CodeIgniter\View\{closure}()
#5 C:\laragon\www\anushapublishing\system\Common.php(1089): CodeIgniter\View\View->render('client/home', Array, true)
#6 C:\laragon\www\anushapublishing\app\Controllers\Home.php(9): view('client/home')
#7 C:\laragon\www\anushapublishing\system\CodeIgniter.php(832): App\Controllers\Home->index()
#8 C:\laragon\www\anushapublishing\system\CodeIgniter.php(419): CodeIgniter\CodeIgniter->runController(Object(App\Controllers\Home))
#9 C:\laragon\www\anushapublishing\system\CodeIgniter.php(326): CodeIgniter\CodeIgniter->handleRequest(NULL, Object(Config\Cache), false)
#10 C:\laragon\www\anushapublishing\public\index.php(37): CodeIgniter\CodeIgniter->run()
#11 {main}
CRITICAL - 2022-06-03 07:32:17 --> Invalid file: ./components/header.php
#0 C:\laragon\www\anushapublishing\system\View\View.php(198): CodeIgniter\Exceptions\FrameworkException::forInvalidFile('./components/he...')
#1 C:\laragon\www\anushapublishing\system\View\View.php(424): CodeIgniter\View\View->render('./components/he...', NULL, true)
#2 C:\laragon\www\anushapublishing\app\Views\client\home.php(21): CodeIgniter\View\View->include('./components/he...')
#3 C:\laragon\www\anushapublishing\system\View\View.php(210): include('C:\\laragon\\www\\...')
#4 C:\laragon\www\anushapublishing\system\View\View.php(213): CodeIgniter\View\View->CodeIgniter\View\{closure}()
#5 C:\laragon\www\anushapublishing\system\Common.php(1089): CodeIgniter\View\View->render('client/home', Array, true)
#6 C:\laragon\www\anushapublishing\app\Controllers\Home.php(9): view('client/home')
#7 C:\laragon\www\anushapublishing\system\CodeIgniter.php(832): App\Controllers\Home->index()
#8 C:\laragon\www\anushapublishing\system\CodeIgniter.php(419): CodeIgniter\CodeIgniter->runController(Object(App\Controllers\Home))
#9 C:\laragon\www\anushapublishing\system\CodeIgniter.php(326): CodeIgniter\CodeIgniter->handleRequest(NULL, Object(Config\Cache), false)
#10 C:\laragon\www\anushapublishing\public\index.php(37): CodeIgniter\CodeIgniter->run()
#11 {main}
