CRITICAL - 2023-03-21 01:30:46 --> Undefined offset: 0
#0 /home/thinkbizzmarcom/montajpublishing.com/app/Controllers/Home.php(127): CodeIgniter\Debug\Exceptions->errorHandler(8, 'Undefined offse...', '/home/thinkbizz...', 127, Array)
#1 /home/thinkbizzmarcom/montajpublishing.com/system/CodeIgniter.php(832): App\Controllers\Home->blog('wp-includes', 'wlwmanifest.xml')
#2 /home/thinkbizzmarcom/montajpublishing.com/system/CodeIgniter.php(419): CodeIgniter\CodeIgniter->runController(Object(App\Controllers\Home))
#3 /home/thinkbizzmarcom/montajpublishing.com/system/CodeIgniter.php(326): CodeIgniter\CodeIgniter->handleRequest(NULL, Object(Config\Cache), false)
#4 /home/thinkbizzmarcom/montajpublishing.com/public/index.php(37): CodeIgniter\CodeIgniter->run()
#5 {main}
CRITICAL - 2023-03-21 04:58:59 --> Undefined offset: 0
#0 /home/thinkbizzmarcom/montajpublishing.com/app/Controllers/Home.php(127): CodeIgniter\Debug\Exceptions->errorHandler(8, 'Undefined offse...', '/home/thinkbizz...', 127, Array)
#1 /home/thinkbizzmarcom/montajpublishing.com/system/CodeIgniter.php(832): App\Controllers\Home->blog('wp-includes', 'wlwmanifest.xml')
#2 /home/thinkbizzmarcom/montajpublishing.com/system/CodeIgniter.php(419): CodeIgniter\CodeIgniter->runController(Object(App\Controllers\Home))
#3 /home/thinkbizzmarcom/montajpublishing.com/system/CodeIgniter.php(326): CodeIgniter\CodeIgniter->handleRequest(NULL, Object(Config\Cache), false)
#4 /home/thinkbizzmarcom/montajpublishing.com/public/index.php(37): CodeIgniter\CodeIgniter->run()
#5 {main}
CRITICAL - 2023-03-21 17:40:09 --> Undefined offset: 0
#0 /home/thinkbizzmarcom/montajpublishing.com/app/Controllers/Home.php(127): CodeIgniter\Debug\Exceptions->errorHandler(8, 'Undefined offse...', '/home/thinkbizz...', 127, Array)
#1 /home/thinkbizzmarcom/montajpublishing.com/system/CodeIgniter.php(832): App\Controllers\Home->blog('\xC3\xA0\xC2\xA6\xC2\xAA\xC3\xA0\xC2\xA6\xC2\xBE\xC3\xA0\xC2...')
#2 /home/thinkbizzmarcom/montajpublishing.com/system/CodeIgniter.php(419): CodeIgniter\CodeIgniter->runController(Object(App\Controllers\Home))
#3 /home/thinkbizzmarcom/montajpublishing.com/system/CodeIgniter.php(326): CodeIgniter\CodeIgniter->handleRequest(NULL, Object(Config\Cache), false)
#4 /home/thinkbizzmarcom/montajpublishing.com/public/index.php(37): CodeIgniter\CodeIgniter->run()
#5 {main}
