CRITICAL - 2023-03-19 11:35:27 --> Undefined offset: 0
#0 /home/thinkbizzmarcom/montajpublishing.com/app/Controllers/Home.php(127): CodeIgniter\Debug\Exceptions->errorHandler(8, 'Undefined offse...', '/home/thinkbizz...', 127, Array)
#1 /home/thinkbizzmarcom/montajpublishing.com/system/CodeIgniter.php(832): App\Controllers\Home->blog('wp-includes', 'wlwmanifest.xml')
#2 /home/thinkbizzmarcom/montajpublishing.com/system/CodeIgniter.php(419): CodeIgniter\CodeIgniter->runController(Object(App\Controllers\Home))
#3 /home/thinkbizzmarcom/montajpublishing.com/system/CodeIgniter.php(326): CodeIgniter\CodeIgniter->handleRequest(NULL, Object(Config\Cache), false)
#4 /home/thinkbizzmarcom/montajpublishing.com/public/index.php(37): CodeIgniter\CodeIgniter->run()
#5 {main}
CRITICAL - 2023-03-19 23:20:28 --> Undefined offset: 0
#0 /home/thinkbizzmarcom/montajpublishing.com/app/Controllers/Home.php(185): CodeIgniter\Debug\Exceptions->errorHandler(8, 'Undefined offse...', '/home/thinkbizz...', 185, Array)
#1 /home/thinkbizzmarcom/montajpublishing.com/system/CodeIgniter.php(832): App\Controllers\Home->product('\xE0\xA6\xAB\xE0\xA7\x8D\xE0\xA6\xAF\xE0\xA6\xBE\xE0\xA6\xA8...')
#2 /home/thinkbizzmarcom/montajpublishing.com/system/CodeIgniter.php(419): CodeIgniter\CodeIgniter->runController(Object(App\Controllers\Home))
#3 /home/thinkbizzmarcom/montajpublishing.com/system/CodeIgniter.php(326): CodeIgniter\CodeIgniter->handleRequest(NULL, Object(Config\Cache), false)
#4 /home/thinkbizzmarcom/montajpublishing.com/public/index.php(37): CodeIgniter\CodeIgniter->run()
#5 {main}
CRITICAL - 2023-03-19 23:36:20 --> Undefined offset: 0
#0 /home/thinkbizzmarcom/montajpublishing.com/app/Controllers/Home.php(185): CodeIgniter\Debug\Exceptions->errorHandler(8, 'Undefined offse...', '/home/thinkbizz...', 185, Array)
#1 /home/thinkbizzmarcom/montajpublishing.com/system/CodeIgniter.php(832): App\Controllers\Home->product('\xE0\xA6\xAB\xE0\xA7\x8D\xE0\xA6\xAF\xE0\xA6\xBE\xE0\xA6\xA8...')
#2 /home/thinkbizzmarcom/montajpublishing.com/system/CodeIgniter.php(419): CodeIgniter\CodeIgniter->runController(Object(App\Controllers\Home))
#3 /home/thinkbizzmarcom/montajpublishing.com/system/CodeIgniter.php(326): CodeIgniter\CodeIgniter->handleRequest(NULL, Object(Config\Cache), false)
#4 /home/thinkbizzmarcom/montajpublishing.com/public/index.php(37): CodeIgniter\CodeIgniter->run()
#5 {main}
CRITICAL - 2023-03-19 23:36:59 --> Undefined offset: 0
#0 /home/thinkbizzmarcom/montajpublishing.com/app/Controllers/Home.php(185): CodeIgniter\Debug\Exceptions->errorHandler(8, 'Undefined offse...', '/home/thinkbizz...', 185, Array)
#1 /home/thinkbizzmarcom/montajpublishing.com/system/CodeIgniter.php(832): App\Controllers\Home->product('\xE0\xA6\xAB\xE0\xA7\x8D\xE0\xA6\xAF\xE0\xA6\xBE\xE0\xA6\xA8...')
#2 /home/thinkbizzmarcom/montajpublishing.com/system/CodeIgniter.php(419): CodeIgniter\CodeIgniter->runController(Object(App\Controllers\Home))
#3 /home/thinkbizzmarcom/montajpublishing.com/system/CodeIgniter.php(326): CodeIgniter\CodeIgniter->handleRequest(NULL, Object(Config\Cache), false)
#4 /home/thinkbizzmarcom/montajpublishing.com/public/index.php(37): CodeIgniter\CodeIgniter->run()
#5 {main}
CRITICAL - 2023-03-19 23:38:30 --> Undefined offset: 0
#0 /home/thinkbizzmarcom/montajpublishing.com/app/Controllers/Home.php(185): CodeIgniter\Debug\Exceptions->errorHandler(8, 'Undefined offse...', '/home/thinkbizz...', 185, Array)
#1 /home/thinkbizzmarcom/montajpublishing.com/system/CodeIgniter.php(832): App\Controllers\Home->product('\xE0\xA6\xAB\xE0\xA7\x8D\xE0\xA6\xAF\xE0\xA6\xBE\xE0\xA6\xA8...')
#2 /home/thinkbizzmarcom/montajpublishing.com/system/CodeIgniter.php(419): CodeIgniter\CodeIgniter->runController(Object(App\Controllers\Home))
#3 /home/thinkbizzmarcom/montajpublishing.com/system/CodeIgniter.php(326): CodeIgniter\CodeIgniter->handleRequest(NULL, Object(Config\Cache), false)
#4 /home/thinkbizzmarcom/montajpublishing.com/public/index.php(37): CodeIgniter\CodeIgniter->run()
#5 {main}
CRITICAL - 2023-03-19 23:41:39 --> Undefined offset: 0
#0 /home/thinkbizzmarcom/montajpublishing.com/app/Controllers/Home.php(185): CodeIgniter\Debug\Exceptions->errorHandler(8, 'Undefined offse...', '/home/thinkbizz...', 185, Array)
#1 /home/thinkbizzmarcom/montajpublishing.com/system/CodeIgniter.php(832): App\Controllers\Home->product('\xE0\xA6\xAB\xE0\xA7\x8D\xE0\xA6\xAF\xE0\xA6\xBE\xE0\xA6\xA8...')
#2 /home/thinkbizzmarcom/montajpublishing.com/system/CodeIgniter.php(419): CodeIgniter\CodeIgniter->runController(Object(App\Controllers\Home))
#3 /home/thinkbizzmarcom/montajpublishing.com/system/CodeIgniter.php(326): CodeIgniter\CodeIgniter->handleRequest(NULL, Object(Config\Cache), false)
#4 /home/thinkbizzmarcom/montajpublishing.com/public/index.php(37): CodeIgniter\CodeIgniter->run()
#5 {main}
CRITICAL - 2023-03-19 23:48:11 --> Undefined offset: 0
#0 /home/thinkbizzmarcom/montajpublishing.com/app/Controllers/Home.php(185): CodeIgniter\Debug\Exceptions->errorHandler(8, 'Undefined offse...', '/home/thinkbizz...', 185, Array)
#1 /home/thinkbizzmarcom/montajpublishing.com/system/CodeIgniter.php(832): App\Controllers\Home->product('\xE0\xA6\xAB\xE0\xA7\x8D\xE0\xA6\xAF\xE0\xA6\xBE\xE0\xA6\xA8...')
#2 /home/thinkbizzmarcom/montajpublishing.com/system/CodeIgniter.php(419): CodeIgniter\CodeIgniter->runController(Object(App\Controllers\Home))
#3 /home/thinkbizzmarcom/montajpublishing.com/system/CodeIgniter.php(326): CodeIgniter\CodeIgniter->handleRequest(NULL, Object(Config\Cache), false)
#4 /home/thinkbizzmarcom/montajpublishing.com/public/index.php(37): CodeIgniter\CodeIgniter->run()
#5 {main}
CRITICAL - 2023-03-19 23:58:21 --> Undefined offset: 0
#0 /home/thinkbizzmarcom/montajpublishing.com/app/Controllers/Home.php(185): CodeIgniter\Debug\Exceptions->errorHandler(8, 'Undefined offse...', '/home/thinkbizz...', 185, Array)
#1 /home/thinkbizzmarcom/montajpublishing.com/system/CodeIgniter.php(832): App\Controllers\Home->product('\xE0\xA6\xAB\xE0\xA7\x8D\xE0\xA6\xAF\xE0\xA6\xBE\xE0\xA6\xA8...')
#2 /home/thinkbizzmarcom/montajpublishing.com/system/CodeIgniter.php(419): CodeIgniter\CodeIgniter->runController(Object(App\Controllers\Home))
#3 /home/thinkbizzmarcom/montajpublishing.com/system/CodeIgniter.php(326): CodeIgniter\CodeIgniter->handleRequest(NULL, Object(Config\Cache), false)
#4 /home/thinkbizzmarcom/montajpublishing.com/public/index.php(37): CodeIgniter\CodeIgniter->run()
#5 {main}
