CRITICAL - 2022-06-13 00:25:32 --> Illegal string offset 'id'
#0 C:\laragon\www\anushapublishing\app\Controllers\Home.php(392): CodeIgniter\Debug\Exceptions->errorHandler(2, 'Illegal string ...', 'C:\\laragon\\www\\...', 392, Array)
#1 C:\laragon\www\anushapublishing\system\CodeIgniter.php(832): App\Controllers\Home->pay()
#2 C:\laragon\www\anushapublishing\system\CodeIgniter.php(419): CodeIgniter\CodeIgniter->runController(Object(App\Controllers\Home))
#3 C:\laragon\www\anushapublishing\system\CodeIgniter.php(326): CodeIgniter\CodeIgniter->handleRequest(NULL, Object(Config\Cache), false)
#4 C:\laragon\www\anushapublishing\public\index.php(37): CodeIgniter\CodeIgniter->run()
#5 {main}
CRITICAL - 2022-06-13 00:25:32 --> Uncaught CodeIgniter\Format\Exceptions\FormatException: Failed to parse json string, error: "Type is not supported". in C:\laragon\www\anushapublishing\system\Format\JSONFormatter.php:41
Stack trace:
#0 C:\laragon\www\anushapublishing\system\Format\JSONFormatter.php(41): CodeIgniter\Format\Exceptions\FormatException::forInvalidJSON('Type is not sup...')
#1 C:\laragon\www\anushapublishing\system\API\ResponseTrait.php(341): CodeIgniter\Format\JSONFormatter->format(Array)
#2 C:\laragon\www\anushapublishing\system\API\ResponseTrait.php(99): CodeIgniter\Debug\Exceptions->format(Array)
#3 C:\laragon\www\anushapublishing\system\Debug\Exceptions.php(115): CodeIgniter\Debug\Exceptions->respond(Array, 500)
#4 [internal function]: CodeIgniter\Debug\Exceptions->exceptionHandler(Object(ErrorException))
#5 {main}
  thrown
#0 [internal function]: CodeIgniter\Debug\Exceptions->shutdownHandler()
#1 {main}
CRITICAL - 2022-06-13 00:42:20 --> Illegal string offset 'id'
#0 C:\laragon\www\anushapublishing\app\Controllers\Home.php(433): CodeIgniter\Debug\Exceptions->errorHandler(2, 'Illegal string ...', 'C:\\laragon\\www\\...', 433, Array)
#1 C:\laragon\www\anushapublishing\system\CodeIgniter.php(832): App\Controllers\Home->pay()
#2 C:\laragon\www\anushapublishing\system\CodeIgniter.php(419): CodeIgniter\CodeIgniter->runController(Object(App\Controllers\Home))
#3 C:\laragon\www\anushapublishing\system\CodeIgniter.php(326): CodeIgniter\CodeIgniter->handleRequest(NULL, Object(Config\Cache), false)
#4 C:\laragon\www\anushapublishing\public\index.php(37): CodeIgniter\CodeIgniter->run()
#5 {main}
CRITICAL - 2022-06-13 00:42:30 --> Cannot use object of type stdClass as array
#0 C:\laragon\www\anushapublishing\system\CodeIgniter.php(832): App\Controllers\Home->pay()
#1 C:\laragon\www\anushapublishing\system\CodeIgniter.php(419): CodeIgniter\CodeIgniter->runController(Object(App\Controllers\Home))
#2 C:\laragon\www\anushapublishing\system\CodeIgniter.php(326): CodeIgniter\CodeIgniter->handleRequest(NULL, Object(Config\Cache), false)
#3 C:\laragon\www\anushapublishing\public\index.php(37): CodeIgniter\CodeIgniter->run()
#4 {main}
CRITICAL - 2022-06-13 02:39:02 --> Cannot use object of type stdClass as array
#0 C:\laragon\www\anushapublishing\system\CodeIgniter.php(832): App\Controllers\Home->placeOrder()
#1 C:\laragon\www\anushapublishing\system\CodeIgniter.php(419): CodeIgniter\CodeIgniter->runController(Object(App\Controllers\Home))
#2 C:\laragon\www\anushapublishing\system\CodeIgniter.php(326): CodeIgniter\CodeIgniter->handleRequest(NULL, Object(Config\Cache), false)
#3 C:\laragon\www\anushapublishing\public\index.php(37): CodeIgniter\CodeIgniter->run()
#4 {main}
CRITICAL - 2022-06-13 02:50:04 --> There is no data to insert.
#0 C:\laragon\www\anushapublishing\system\BaseModel.php(1574): CodeIgniter\Database\Exceptions\DataException::forEmptyDataset('insert')
#1 C:\laragon\www\anushapublishing\system\BaseModel.php(704): CodeIgniter\BaseModel->transformDataToArray(NULL, 'insert')
#2 C:\laragon\www\anushapublishing\system\Model.php(625): CodeIgniter\BaseModel->insert(NULL, true)
#3 C:\laragon\www\anushapublishing\app\Controllers\Home.php(242): CodeIgniter\Model->insert()
#4 C:\laragon\www\anushapublishing\system\CodeIgniter.php(832): App\Controllers\Home->placeOrder()
#5 C:\laragon\www\anushapublishing\system\CodeIgniter.php(419): CodeIgniter\CodeIgniter->runController(Object(App\Controllers\Home))
#6 C:\laragon\www\anushapublishing\system\CodeIgniter.php(326): CodeIgniter\CodeIgniter->handleRequest(NULL, Object(Config\Cache), false)
#7 C:\laragon\www\anushapublishing\public\index.php(37): CodeIgniter\CodeIgniter->run()
#8 {main}
CRITICAL - 2022-06-13 03:14:31 --> There is no data to insert.
#0 C:\laragon\www\anushapublishing\system\BaseModel.php(1574): CodeIgniter\Database\Exceptions\DataException::forEmptyDataset('insert')
#1 C:\laragon\www\anushapublishing\system\BaseModel.php(704): CodeIgniter\BaseModel->transformDataToArray(NULL, 'insert')
#2 C:\laragon\www\anushapublishing\system\Model.php(625): CodeIgniter\BaseModel->insert(NULL, true)
#3 C:\laragon\www\anushapublishing\app\Controllers\Home.php(242): CodeIgniter\Model->insert()
#4 C:\laragon\www\anushapublishing\system\CodeIgniter.php(832): App\Controllers\Home->placeOrder()
#5 C:\laragon\www\anushapublishing\system\CodeIgniter.php(419): CodeIgniter\CodeIgniter->runController(Object(App\Controllers\Home))
#6 C:\laragon\www\anushapublishing\system\CodeIgniter.php(326): CodeIgniter\CodeIgniter->handleRequest(NULL, Object(Config\Cache), false)
#7 C:\laragon\www\anushapublishing\public\index.php(37): CodeIgniter\CodeIgniter->run()
#8 {main}
CRITICAL - 2022-06-13 03:14:58 --> Undefined property: stdClass::$total_amount
#0 C:\laragon\www\anushapublishing\app\Controllers\Home.php(235): CodeIgniter\Debug\Exceptions->errorHandler(8, 'Undefined prope...', 'C:\\laragon\\www\\...', 235, Array)
#1 C:\laragon\www\anushapublishing\system\CodeIgniter.php(832): App\Controllers\Home->placeOrder()
#2 C:\laragon\www\anushapublishing\system\CodeIgniter.php(419): CodeIgniter\CodeIgniter->runController(Object(App\Controllers\Home))
#3 C:\laragon\www\anushapublishing\system\CodeIgniter.php(326): CodeIgniter\CodeIgniter->handleRequest(NULL, Object(Config\Cache), false)
#4 C:\laragon\www\anushapublishing\public\index.php(37): CodeIgniter\CodeIgniter->run()
#5 {main}
CRITICAL - 2022-06-13 03:15:18 --> Undefined property: stdClass::$total_amount
#0 C:\laragon\www\anushapublishing\app\Controllers\Home.php(235): CodeIgniter\Debug\Exceptions->errorHandler(8, 'Undefined prope...', 'C:\\laragon\\www\\...', 235, Array)
#1 C:\laragon\www\anushapublishing\system\CodeIgniter.php(832): App\Controllers\Home->placeOrder()
#2 C:\laragon\www\anushapublishing\system\CodeIgniter.php(419): CodeIgniter\CodeIgniter->runController(Object(App\Controllers\Home))
#3 C:\laragon\www\anushapublishing\system\CodeIgniter.php(326): CodeIgniter\CodeIgniter->handleRequest(NULL, Object(Config\Cache), false)
#4 C:\laragon\www\anushapublishing\public\index.php(37): CodeIgniter\CodeIgniter->run()
#5 {main}
CRITICAL - 2022-06-13 03:23:29 --> Trying to get property 'product_id' of non-object
#0 C:\laragon\www\anushapublishing\app\Controllers\Home.php(258): CodeIgniter\Debug\Exceptions->errorHandler(8, 'Trying to get p...', 'C:\\laragon\\www\\...', 258, Array)
#1 C:\laragon\www\anushapublishing\system\CodeIgniter.php(832): App\Controllers\Home->placeOrder()
#2 C:\laragon\www\anushapublishing\system\CodeIgniter.php(419): CodeIgniter\CodeIgniter->runController(Object(App\Controllers\Home))
#3 C:\laragon\www\anushapublishing\system\CodeIgniter.php(326): CodeIgniter\CodeIgniter->handleRequest(NULL, Object(Config\Cache), false)
#4 C:\laragon\www\anushapublishing\public\index.php(37): CodeIgniter\CodeIgniter->run()
#5 {main}
CRITICAL - 2022-06-13 03:25:51 --> Trying to get property 'product_id' of non-object
#0 C:\laragon\www\anushapublishing\app\Controllers\Home.php(258): CodeIgniter\Debug\Exceptions->errorHandler(8, 'Trying to get p...', 'C:\\laragon\\www\\...', 258, Array)
#1 C:\laragon\www\anushapublishing\system\CodeIgniter.php(832): App\Controllers\Home->placeOrder()
#2 C:\laragon\www\anushapublishing\system\CodeIgniter.php(419): CodeIgniter\CodeIgniter->runController(Object(App\Controllers\Home))
#3 C:\laragon\www\anushapublishing\system\CodeIgniter.php(326): CodeIgniter\CodeIgniter->handleRequest(NULL, Object(Config\Cache), false)
#4 C:\laragon\www\anushapublishing\public\index.php(37): CodeIgniter\CodeIgniter->run()
#5 {main}
CRITICAL - 2022-06-13 03:27:05 --> Trying to get property 'product_id' of non-object
#0 C:\laragon\www\anushapublishing\app\Controllers\Home.php(258): CodeIgniter\Debug\Exceptions->errorHandler(8, 'Trying to get p...', 'C:\\laragon\\www\\...', 258, Array)
#1 C:\laragon\www\anushapublishing\system\CodeIgniter.php(832): App\Controllers\Home->placeOrder()
#2 C:\laragon\www\anushapublishing\system\CodeIgniter.php(419): CodeIgniter\CodeIgniter->runController(Object(App\Controllers\Home))
#3 C:\laragon\www\anushapublishing\system\CodeIgniter.php(326): CodeIgniter\CodeIgniter->handleRequest(NULL, Object(Config\Cache), false)
#4 C:\laragon\www\anushapublishing\public\index.php(37): CodeIgniter\CodeIgniter->run()
#5 {main}
CRITICAL - 2022-06-13 03:28:03 --> Trying to get property 'product_id' of non-object
#0 C:\laragon\www\anushapublishing\app\Controllers\Home.php(263): CodeIgniter\Debug\Exceptions->errorHandler(8, 'Trying to get p...', 'C:\\laragon\\www\\...', 263, Array)
#1 C:\laragon\www\anushapublishing\system\CodeIgniter.php(832): App\Controllers\Home->placeOrder()
#2 C:\laragon\www\anushapublishing\system\CodeIgniter.php(419): CodeIgniter\CodeIgniter->runController(Object(App\Controllers\Home))
#3 C:\laragon\www\anushapublishing\system\CodeIgniter.php(326): CodeIgniter\CodeIgniter->handleRequest(NULL, Object(Config\Cache), false)
#4 C:\laragon\www\anushapublishing\public\index.php(37): CodeIgniter\CodeIgniter->run()
#5 {main}
CRITICAL - 2022-06-13 03:31:36 --> Undefined index: quantity
#0 C:\laragon\www\anushapublishing\app\Controllers\Home.php(259): CodeIgniter\Debug\Exceptions->errorHandler(8, 'Undefined index...', 'C:\\laragon\\www\\...', 259, Array)
#1 C:\laragon\www\anushapublishing\system\CodeIgniter.php(832): App\Controllers\Home->placeOrder()
#2 C:\laragon\www\anushapublishing\system\CodeIgniter.php(419): CodeIgniter\CodeIgniter->runController(Object(App\Controllers\Home))
#3 C:\laragon\www\anushapublishing\system\CodeIgniter.php(326): CodeIgniter\CodeIgniter->handleRequest(NULL, Object(Config\Cache), false)
#4 C:\laragon\www\anushapublishing\public\index.php(37): CodeIgniter\CodeIgniter->run()
#5 {main}
CRITICAL - 2022-06-13 03:32:36 --> Undefined index: quantity
#0 C:\laragon\www\anushapublishing\app\Controllers\Home.php(259): CodeIgniter\Debug\Exceptions->errorHandler(8, 'Undefined index...', 'C:\\laragon\\www\\...', 259, Array)
#1 C:\laragon\www\anushapublishing\system\CodeIgniter.php(832): App\Controllers\Home->placeOrder()
#2 C:\laragon\www\anushapublishing\system\CodeIgniter.php(419): CodeIgniter\CodeIgniter->runController(Object(App\Controllers\Home))
#3 C:\laragon\www\anushapublishing\system\CodeIgniter.php(326): CodeIgniter\CodeIgniter->handleRequest(NULL, Object(Config\Cache), false)
#4 C:\laragon\www\anushapublishing\public\index.php(37): CodeIgniter\CodeIgniter->run()
#5 {main}
CRITICAL - 2022-06-13 03:32:58 --> Undefined index: quantity
#0 C:\laragon\www\anushapublishing\app\Controllers\Home.php(259): CodeIgniter\Debug\Exceptions->errorHandler(8, 'Undefined index...', 'C:\\laragon\\www\\...', 259, Array)
#1 C:\laragon\www\anushapublishing\system\CodeIgniter.php(832): App\Controllers\Home->placeOrder()
#2 C:\laragon\www\anushapublishing\system\CodeIgniter.php(419): CodeIgniter\CodeIgniter->runController(Object(App\Controllers\Home))
#3 C:\laragon\www\anushapublishing\system\CodeIgniter.php(326): CodeIgniter\CodeIgniter->handleRequest(NULL, Object(Config\Cache), false)
#4 C:\laragon\www\anushapublishing\public\index.php(37): CodeIgniter\CodeIgniter->run()
#5 {main}
CRITICAL - 2022-06-13 04:03:01 --> Trying to get property 'date' of non-object
#0 C:\laragon\www\anushapublishing\app\Views\client\order-complete.php(78): CodeIgniter\Debug\Exceptions->errorHandler(8, 'Trying to get p...', 'C:\\laragon\\www\\...', 78, Array)
#1 C:\laragon\www\anushapublishing\system\View\View.php(210): include('C:\\laragon\\www\\...')
#2 C:\laragon\www\anushapublishing\system\View\View.php(213): CodeIgniter\View\View->CodeIgniter\View\{closure}()
#3 C:\laragon\www\anushapublishing\system\Common.php(1089): CodeIgniter\View\View->render('client/order-co...', Array, true)
#4 C:\laragon\www\anushapublishing\app\Controllers\Home.php(437): view('client/order-co...', Array)
#5 C:\laragon\www\anushapublishing\system\CodeIgniter.php(832): App\Controllers\Home->orderComplete('order_JgvDfQ1WR...')
#6 C:\laragon\www\anushapublishing\system\CodeIgniter.php(419): CodeIgniter\CodeIgniter->runController(Object(App\Controllers\Home))
#7 C:\laragon\www\anushapublishing\system\CodeIgniter.php(326): CodeIgniter\CodeIgniter->handleRequest(NULL, Object(Config\Cache), false)
#8 C:\laragon\www\anushapublishing\public\index.php(37): CodeIgniter\CodeIgniter->run()
#9 {main}
CRITICAL - 2022-06-13 04:03:51 --> Trying to get property 'date' of non-object
#0 C:\laragon\www\anushapublishing\app\Views\client\order-complete.php(78): CodeIgniter\Debug\Exceptions->errorHandler(8, 'Trying to get p...', 'C:\\laragon\\www\\...', 78, Array)
#1 C:\laragon\www\anushapublishing\system\View\View.php(210): include('C:\\laragon\\www\\...')
#2 C:\laragon\www\anushapublishing\system\View\View.php(213): CodeIgniter\View\View->CodeIgniter\View\{closure}()
#3 C:\laragon\www\anushapublishing\system\Common.php(1089): CodeIgniter\View\View->render('client/order-co...', Array, true)
#4 C:\laragon\www\anushapublishing\app\Controllers\Home.php(438): view('client/order-co...', Array)
#5 C:\laragon\www\anushapublishing\system\CodeIgniter.php(832): App\Controllers\Home->orderComplete('order_JgvDfQ1WR...')
#6 C:\laragon\www\anushapublishing\system\CodeIgniter.php(419): CodeIgniter\CodeIgniter->runController(Object(App\Controllers\Home))
#7 C:\laragon\www\anushapublishing\system\CodeIgniter.php(326): CodeIgniter\CodeIgniter->handleRequest(NULL, Object(Config\Cache), false)
#8 C:\laragon\www\anushapublishing\public\index.php(37): CodeIgniter\CodeIgniter->run()
#9 {main}
CRITICAL - 2022-06-13 04:03:58 --> Trying to get property 'date' of non-object
#0 C:\laragon\www\anushapublishing\app\Views\client\order-complete.php(78): CodeIgniter\Debug\Exceptions->errorHandler(8, 'Trying to get p...', 'C:\\laragon\\www\\...', 78, Array)
#1 C:\laragon\www\anushapublishing\system\View\View.php(210): include('C:\\laragon\\www\\...')
#2 C:\laragon\www\anushapublishing\system\View\View.php(213): CodeIgniter\View\View->CodeIgniter\View\{closure}()
#3 C:\laragon\www\anushapublishing\system\Common.php(1089): CodeIgniter\View\View->render('client/order-co...', Array, true)
#4 C:\laragon\www\anushapublishing\app\Controllers\Home.php(438): view('client/order-co...', Array)
#5 C:\laragon\www\anushapublishing\system\CodeIgniter.php(832): App\Controllers\Home->orderComplete('order_JgvDfQ1WR...')
#6 C:\laragon\www\anushapublishing\system\CodeIgniter.php(419): CodeIgniter\CodeIgniter->runController(Object(App\Controllers\Home))
#7 C:\laragon\www\anushapublishing\system\CodeIgniter.php(326): CodeIgniter\CodeIgniter->handleRequest(NULL, Object(Config\Cache), false)
#8 C:\laragon\www\anushapublishing\public\index.php(37): CodeIgniter\CodeIgniter->run()
#9 {main}
CRITICAL - 2022-06-13 08:58:47 --> Invalid file: client/order-details.php
#0 C:\laragon\www\anushapublishing\system\View\View.php(198): CodeIgniter\Exceptions\FrameworkException::forInvalidFile('client/order-de...')
#1 C:\laragon\www\anushapublishing\system\Common.php(1089): CodeIgniter\View\View->render('client/order-de...', Array, true)
#2 C:\laragon\www\anushapublishing\app\Controllers\Home.php(350): view('client/order-de...', Array)
#3 C:\laragon\www\anushapublishing\system\CodeIgniter.php(832): App\Controllers\Home->orderDetails('order_JgzZcasaU...')
#4 C:\laragon\www\anushapublishing\system\CodeIgniter.php(419): CodeIgniter\CodeIgniter->runController(Object(App\Controllers\Home))
#5 C:\laragon\www\anushapublishing\system\CodeIgniter.php(326): CodeIgniter\CodeIgniter->handleRequest(NULL, Object(Config\Cache), false)
#6 C:\laragon\www\anushapublishing\public\index.php(37): CodeIgniter\CodeIgniter->run()
#7 {main}
CRITICAL - 2022-06-13 09:02:33 --> Undefined variable: order_id
#0 C:\laragon\www\anushapublishing\app\Views\client\order-details.php(89): CodeIgniter\Debug\Exceptions->errorHandler(8, 'Undefined varia...', 'C:\\laragon\\www\\...', 89, Array)
#1 C:\laragon\www\anushapublishing\system\View\View.php(210): include('C:\\laragon\\www\\...')
#2 C:\laragon\www\anushapublishing\system\View\View.php(213): CodeIgniter\View\View->CodeIgniter\View\{closure}()
#3 C:\laragon\www\anushapublishing\system\Common.php(1089): CodeIgniter\View\View->render('client/order-de...', Array, true)
#4 C:\laragon\www\anushapublishing\app\Controllers\Home.php(350): view('client/order-de...', Array)
#5 C:\laragon\www\anushapublishing\system\CodeIgniter.php(832): App\Controllers\Home->orderDetails('order_JgzZcasaU...')
#6 C:\laragon\www\anushapublishing\system\CodeIgniter.php(419): CodeIgniter\CodeIgniter->runController(Object(App\Controllers\Home))
#7 C:\laragon\www\anushapublishing\system\CodeIgniter.php(326): CodeIgniter\CodeIgniter->handleRequest(NULL, Object(Config\Cache), false)
#8 C:\laragon\www\anushapublishing\public\index.php(37): CodeIgniter\CodeIgniter->run()
#9 {main}
